Using pre-set license
Built from '2022.3/staging' branch; Version is '2022.3.47f1 (88c277b85d21) revision 8962679'; Using compiler version '192829333'; Build Type 'Release'
OS: 'Windows 11  (10.0.22631) 64bit Core' Language: 'en' Physical Memory: 32503 MB
BatchMode: 1, IsHumanControllingUs: 0, StartBugReporterOnCrash: 0, Is64bit: 1, IsPro: 1

COMMAND LINE ARGUMENTS:
C:\Program Files\Unity 2022.3.47f1\Editor\Unity.exe
-adb2
-batchMode
-noUpm
-name
AssetImportWorker3
-projectPath
C:/Users/default.LAPTOP-P6GOO2OC/atlas-unity/unity-assets_ui
-logFile
Logs/AssetImportWorker3.log
-srvPort
57412
Successfully changed project path to: C:/Users/default.LAPTOP-P6GOO2OC/atlas-unity/unity-assets_ui
C:/Users/default.LAPTOP-P6GOO2OC/atlas-unity/unity-assets_ui
[UnityMemory] Configuration Parameters - Can be set up in boot.config
    "memorysetup-bucket-allocator-granularity=16"
    "memorysetup-bucket-allocator-bucket-count=8"
    "memorysetup-bucket-allocator-block-size=33554432"
    "memorysetup-bucket-allocator-block-count=8"
    "memorysetup-main-allocator-block-size=16777216"
    "memorysetup-thread-allocator-block-size=16777216"
    "memorysetup-gfx-main-allocator-block-size=16777216"
    "memorysetup-gfx-thread-allocator-block-size=16777216"
    "memorysetup-cache-allocator-block-size=4194304"
    "memorysetup-typetree-allocator-block-size=2097152"
    "memorysetup-profiler-bucket-allocator-granularity=16"
    "memorysetup-profiler-bucket-allocator-bucket-count=8"
    "memorysetup-profiler-bucket-allocator-block-size=33554432"
    "memorysetup-profiler-bucket-allocator-block-count=8"
    "memorysetup-profiler-allocator-block-size=16777216"
    "memorysetup-profiler-editor-allocator-block-size=1048576"
    "memorysetup-temp-allocator-size-main=16777216"
    "memorysetup-job-temp-allocator-block-size=2097152"
    "memorysetup-job-temp-allocator-block-size-background=1048576"
    "memorysetup-job-temp-allocator-reduction-small-platforms=262144"
    "memorysetup-allocator-temp-initial-block-size-main=262144"
    "memorysetup-allocator-temp-initial-block-size-worker=262144"
    "memorysetup-temp-allocator-size-background-worker=32768"
    "memorysetup-temp-allocator-size-job-worker=262144"
    "memorysetup-temp-allocator-size-preload-manager=33554432"
    "memorysetup-temp-allocator-size-nav-mesh-worker=65536"
    "memorysetup-temp-allocator-size-audio-worker=65536"
    "memorysetup-temp-allocator-size-cloud-worker=32768"
    "memorysetup-temp-allocator-size-gi-baking-worker=262144"
    "memorysetup-temp-allocator-size-gfx=262144"
Player connection [43460]  Target information:

Player connection [43460]  * "[IP] 192.168.0.169 [Port] 0 [Flags] 2 [Guid] 219938623 [EditorId] 219938623 [Version] 1048832 [Id] WindowsEditor(7,Token_of_Elijah) [Debug] 1 [PackageName] WindowsEditor [ProjectName] Editor" 

Player connection [43460] Host joined multi-casting on [225.0.0.222:54997]...
Player connection [43460] Host joined alternative multi-casting on [225.0.0.222:34997]...
[PhysX] Initialized MultithreadedTaskDispatcher with 32 workers.
Refreshing native plugins compatible for Editor in 16.75 ms, found 3 plugins.
Preloading 0 native plugins for Editor in 0.00 ms.
Initialize engine version: 2022.3.47f1 (88c277b85d21)
[Subsystems] Discovering subsystems at path C:/Program Files/Unity 2022.3.47f1/Editor/Data/Resources/UnitySubsystems
[Subsystems] Discovering subsystems at path C:/Users/default.LAPTOP-P6GOO2OC/atlas-unity/unity-assets_ui/Assets
GfxDevice: creating device client; threaded=0; jobified=0
Direct3D:
    Version:  Direct3D 11.0 [level 11.1]
    Renderer: NVIDIA GeForce RTX 4080 Laptop GPU (ID=0x27e0)
    Vendor:   NVIDIA
    VRAM:     11997 MB
    Driver:   31.0.15.5222
Initialize mono
Mono path[0] = 'C:/Program Files/Unity 2022.3.47f1/Editor/Data/Managed'
Mono path[1] = 'C:/Program Files/Unity 2022.3.47f1/Editor/Data/MonoBleedingEdge/lib/mono/unityjit-win32'
Mono config path = 'C:/Program Files/Unity 2022.3.47f1/Editor/Data/MonoBleedingEdge/etc'
Using monoOptions --debugger-agent=transport=dt_socket,embedding=1,server=y,suspend=n,address=127.0.0.1:56372
Begin MonoManager ReloadAssembly
Registering precompiled unity dll's ...
Register platform support module: C:/Program Files/Unity 2022.3.47f1/Editor/Data/PlaybackEngines/WebGLSupport/UnityEditor.WebGL.Extensions.dll
Register platform support module: C:/Program Files/Unity 2022.3.47f1/Editor/Data/PlaybackEngines/WindowsStandaloneSupport/UnityEditor.WindowsStandalone.Extensions.dll
Registered in 0.007127 seconds.
- Loaded All Assemblies, in  0.249 seconds
Native extension for WindowsStandalone target not found
Native extension for WebGL target not found
Mono: successfully reloaded assembly
- Finished resetting the current domain, in  0.157 seconds
Domain Reload Profiling: 404ms
	BeginReloadAssembly (94ms)
		ExecutionOrderSort (0ms)
		DisableScriptedObjects (0ms)
		BackupInstance (0ms)
		ReleaseScriptingObjects (0ms)
		CreateAndSetChildDomain (0ms)
	RebuildCommonClasses (20ms)
	RebuildNativeTypeToScriptingClass (6ms)
	initialDomainReloadingComplete (41ms)
	LoadAllAssembliesAndSetupDomain (86ms)
		LoadAssemblies (92ms)
		RebuildTransferFunctionScriptingTraits (0ms)
		AnalyzeDomain (85ms)
			TypeCache.Refresh (84ms)
				TypeCache.ScanAssembly (75ms)
			ScanForSourceGeneratedMonoScriptInfo (0ms)
			ResolveRequiredComponents (0ms)
	FinalizeReload (157ms)
		ReleaseScriptCaches (0ms)
		RebuildScriptCaches (0ms)
		SetupLoadedEditorAssemblies (128ms)
			LogAssemblyErrors (0ms)
			InitializePlatformSupportModulesInManaged (6ms)
			SetLoadedEditorAssemblies (3ms)
			RefreshPlugins (0ms)
			BeforeProcessingInitializeOnLoad (1ms)
			ProcessInitializeOnLoadAttributes (85ms)
			ProcessInitializeOnLoadMethodAttributes (32ms)
			AfterProcessingInitializeOnLoad (0ms)
			EditorAssembliesLoaded (0ms)
		ExecutionOrderSort2 (0ms)
		AwakeInstancesAfterBackupRestoration (0ms)
========================================================================
Worker process is ready to serve import requests
Caller must complete domain reload
Begin MonoManager ReloadAssembly
- Loaded All Assemblies, in  0.506 seconds
Native extension for WindowsStandalone target not found
Native extension for WebGL target not found
Package Manager log level set to [2]
[Package Manager] Server::EnsureServerProcessIsRunning -- launch failed, reason: Unity was launched with the -noUpm command-line argument
[Package Manager] UpmClient::Send -- Unable to send message (not connected to UPM process).
[Package Manager] Cannot connect to Unity Package Manager local server
Mono: successfully reloaded assembly
- Finished resetting the current domain, in  0.436 seconds
Domain Reload Profiling: 939ms
	BeginReloadAssembly (131ms)
		ExecutionOrderSort (0ms)
		DisableScriptedObjects (5ms)
		BackupInstance (0ms)
		ReleaseScriptingObjects (0ms)
		CreateAndSetChildDomain (19ms)
	RebuildCommonClasses (20ms)
	RebuildNativeTypeToScriptingClass (7ms)
	initialDomainReloadingComplete (29ms)
	LoadAllAssembliesAndSetupDomain (316ms)
		LoadAssemblies (284ms)
		RebuildTransferFunctionScriptingTraits (0ms)
		AnalyzeDomain (114ms)
			TypeCache.Refresh (101ms)
				TypeCache.ScanAssembly (91ms)
			ScanForSourceGeneratedMonoScriptInfo (9ms)
			ResolveRequiredComponents (3ms)
	FinalizeReload (437ms)
		ReleaseScriptCaches (0ms)
		RebuildScriptCaches (0ms)
		SetupLoadedEditorAssemblies (327ms)
			LogAssemblyErrors (0ms)
			InitializePlatformSupportModulesInManaged (6ms)
			SetLoadedEditorAssemblies (2ms)
			RefreshPlugins (0ms)
			BeforeProcessingInitializeOnLoad (40ms)
			ProcessInitializeOnLoadAttributes (259ms)
			ProcessInitializeOnLoadMethodAttributes (13ms)
			AfterProcessingInitializeOnLoad (7ms)
			EditorAssembliesLoaded (0ms)
		ExecutionOrderSort2 (0ms)
		AwakeInstancesAfterBackupRestoration (7ms)
Launched and connected shader compiler UnityShaderCompiler.exe after 0.06 seconds
Refreshing native plugins compatible for Editor in 4.79 ms, found 3 plugins.
Preloading 0 native plugins for Editor in 0.00 ms.
Unloading 3145 Unused Serialized files (Serialized files now loaded: 0)
Unloading 19 unused Assets / (54.8 KB). Loaded Objects now: 3612.
Memory consumption went from 127.1 MB to 127.0 MB.
Total: 2.637000 ms (FindLiveObjects: 0.166000 ms CreateObjectMapping: 0.052400 ms MarkObjects: 2.335400 ms  DeleteObjects: 0.082600 ms)

AssetImportParameters requested are different than current active one (requested -> active):
  custom:container-demuxer-ogg: 62fdf1f143b41e24485cea50d1cbac27 -> 
  custom:video-decoder-ogg-theora: a1e56fd34408186e4bbccfd4996cb3dc -> 
  custom:framework-win-MediaFoundation: 216162199b28c13a410421893ffa2e32 -> 
  custom:CustomObjectIndexerAttribute: 9a22284fe3817be447336de3de66b15e -> 
  custom:container-demuxer-webm: 4f35f7cbe854078d1ac9338744f61a02 -> 
  custom:container-muxer-webm: aa71ff27fc2769a1b78a27578f13a17b -> 
  custom:video-decoder-webm-vp8: 9c59270c3fd7afecdb556c50c9e8de78 -> 
  custom:SearchIndexIgnoredProperties: e643bd26f0fe6173181afceb89e7c659 -> 
  custom:AudioImporter_EditorPlatform: d09bf68614088b80899f8185d706f6e7 -> 
  custom:video-encoder-webm-vp8: eb34c28f22e8b96e1ab97ce403110664 -> 
  custom:audio-decoder-ogg-vorbis: bf7c407c2cedff20999df2af8eb42d56 -> 
  custom:audio-encoder-webm-vorbis: bf7c407c2cedff20999df2af8eb42d56 -> 
========================================================================
Received Import Request.
  Time since last request: 80189.632323 seconds.
  path: Assets/Models/kenney_nature-kit/Isometric/rock_smallA_NW.png
  artifactKey: Guid(8968347e93ad594468a043c3d12aac2f) Importer(815301076,1909f56bfc062723c751e8b465ee728b)
Start importing Assets/Models/kenney_nature-kit/Isometric/rock_smallA_NW.png using Guid(8968347e93ad594468a043c3d12aac2f) Importer(815301076,1909f56bfc062723c751e8b465ee728b) [PhysX] Initialized MultithreadedTaskDispatcher with 32 workers.
[PhysX] Initialized MultithreadedTaskDispatcher with 32 workers.
 -> (artifact id: 'ccd1a498493e90c2aa93fc37e786f9cb') in 0.039931 seconds
Number of updated asset objects reloaded before import = 0
Number of asset objects unloaded after import = 2
========================================================================
Received Import Request.
  Time since last request: 0.000012 seconds.
  path: Assets/Models/kenney_nature-kit/Isometric/rock_smallC_SW.png
  artifactKey: Guid(869e8d63242060b44abbabc85d08ced8) Importer(815301076,1909f56bfc062723c751e8b465ee728b)
Start importing Assets/Models/kenney_nature-kit/Isometric/rock_smallC_SW.png using Guid(869e8d63242060b44abbabc85d08ced8) Importer(815301076,1909f56bfc062723c751e8b465ee728b) [PhysX] Initialized MultithreadedTaskDispatcher with 32 workers.
[PhysX] Initialized MultithreadedTaskDispatcher with 32 workers.
 -> (artifact id: '4d24a5d851d96cac85e00fdf924c8eb7') in 0.004274 seconds
Number of updated asset objects reloaded before import = 0
Number of asset objects unloaded after import = 2
========================================================================
Received Import Request.
  Time since last request: 0.014744 seconds.
  path: Assets/Models/kenney_nature-kit/Isometric/rock_smallE_NE.png
  artifactKey: Guid(a50ba654b5f6e38448bad8ecdc6876e5) Importer(815301076,1909f56bfc062723c751e8b465ee728b)
Start importing Assets/Models/kenney_nature-kit/Isometric/rock_smallE_NE.png using Guid(a50ba654b5f6e38448bad8ecdc6876e5) Importer(815301076,1909f56bfc062723c751e8b465ee728b) [PhysX] Initialized MultithreadedTaskDispatcher with 32 workers.
[PhysX] Initialized MultithreadedTaskDispatcher with 32 workers.
 -> (artifact id: '8c649a980333bedca6afb09b95e3474b') in 0.004007 seconds
Number of updated asset objects reloaded before import = 0
Number of asset objects unloaded after import = 2
========================================================================
Received Import Request.
  Time since last request: 0.012250 seconds.
  path: Assets/Models/kenney_nature-kit/Isometric/rock_smallF_NW.png
  artifactKey: Guid(1b1ba17494cf4cd4a85098aab62545ce) Importer(815301076,1909f56bfc062723c751e8b465ee728b)
Start importing Assets/Models/kenney_nature-kit/Isometric/rock_smallF_NW.png using Guid(1b1ba17494cf4cd4a85098aab62545ce) Importer(815301076,1909f56bfc062723c751e8b465ee728b) [PhysX] Initialized MultithreadedTaskDispatcher with 32 workers.
[PhysX] Initialized MultithreadedTaskDispatcher with 32 workers.
 -> (artifact id: '27fa7d8273890c44f275ce199a307ae0') in 0.003653 seconds
Number of updated asset objects reloaded before import = 0
Number of asset objects unloaded after import = 2
========================================================================
Received Import Request.
  Time since last request: 0.180718 seconds.
  path: Assets/Models/kenney_nature-kit/Isometric/rock_smallFlatA_SE.png
  artifactKey: Guid(7a6c29665d265ad48990164fd7782d45) Importer(815301076,1909f56bfc062723c751e8b465ee728b)
Start importing Assets/Models/kenney_nature-kit/Isometric/rock_smallFlatA_SE.png using Guid(7a6c29665d265ad48990164fd7782d45) Importer(815301076,1909f56bfc062723c751e8b465ee728b) [PhysX] Initialized MultithreadedTaskDispatcher with 32 workers.
[PhysX] Initialized MultithreadedTaskDispatcher with 32 workers.
 -> (artifact id: '8db5fca30ede4398193ac56cecc8d09d') in 0.005540 seconds
Number of updated asset objects reloaded before import = 0
Number of asset objects unloaded after import = 2
========================================================================
Received Import Request.
  Time since last request: 0.010083 seconds.
  path: Assets/Models/kenney_nature-kit/Isometric/rock_smallFlatB_SW.png
  artifactKey: Guid(edb965be108d2ae409a809e424704514) Importer(815301076,1909f56bfc062723c751e8b465ee728b)
Start importing Assets/Models/kenney_nature-kit/Isometric/rock_smallFlatB_SW.png using Guid(edb965be108d2ae409a809e424704514) Importer(815301076,1909f56bfc062723c751e8b465ee728b) [PhysX] Initialized MultithreadedTaskDispatcher with 32 workers.
[PhysX] Initialized MultithreadedTaskDispatcher with 32 workers.
 -> (artifact id: '09f32f9113bd67185a1ddceb414cf888') in 0.003702 seconds
Number of updated asset objects reloaded before import = 0
Number of asset objects unloaded after import = 2
========================================================================
Received Import Request.
  Time since last request: 0.013927 seconds.
  path: Assets/Models/kenney_nature-kit/Isometric/rock_smallG_NE.png
  artifactKey: Guid(ed821a91757ad3340bff6c68cf3cf99e) Importer(815301076,1909f56bfc062723c751e8b465ee728b)
Start importing Assets/Models/kenney_nature-kit/Isometric/rock_smallG_NE.png using Guid(ed821a91757ad3340bff6c68cf3cf99e) Importer(815301076,1909f56bfc062723c751e8b465ee728b) [PhysX] Initialized MultithreadedTaskDispatcher with 32 workers.
[PhysX] Initialized MultithreadedTaskDispatcher with 32 workers.
 -> (artifact id: 'dfff2a3451a572c247f893ca74da06e5') in 0.004108 seconds
Number of updated asset objects reloaded before import = 0
Number of asset objects unloaded after import = 2
========================================================================
Received Import Request.
  Time since last request: 0.014878 seconds.
  path: Assets/Models/kenney_nature-kit/Isometric/rock_smallI_SE.png
  artifactKey: Guid(56ed6e4cc0ffb57448a4115da9a0c8be) Importer(815301076,1909f56bfc062723c751e8b465ee728b)
Start importing Assets/Models/kenney_nature-kit/Isometric/rock_smallI_SE.png using Guid(56ed6e4cc0ffb57448a4115da9a0c8be) Importer(815301076,1909f56bfc062723c751e8b465ee728b) [PhysX] Initialized MultithreadedTaskDispatcher with 32 workers.
[PhysX] Initialized MultithreadedTaskDispatcher with 32 workers.
 -> (artifact id: '2309a9a87bc1e4b2e217fbd53a2ecd7d') in 0.004161 seconds
Number of updated asset objects reloaded before import = 0
Number of asset objects unloaded after import = 2
========================================================================
Received Import Request.
  Time since last request: 0.017494 seconds.
  path: Assets/Models/kenney_nature-kit/Isometric/rock_tallA_NE.png
  artifactKey: Guid(afd4063b4767b554fab37477af5c0f88) Importer(815301076,1909f56bfc062723c751e8b465ee728b)
Start importing Assets/Models/kenney_nature-kit/Isometric/rock_tallA_NE.png using Guid(afd4063b4767b554fab37477af5c0f88) Importer(815301076,1909f56bfc062723c751e8b465ee728b) [PhysX] Initialized MultithreadedTaskDispatcher with 32 workers.
[PhysX] Initialized MultithreadedTaskDispatcher with 32 workers.
 -> (artifact id: 'c53f499645c528b6c91f249775f6fe69') in 0.004230 seconds
Number of updated asset objects reloaded before import = 0
Number of asset objects unloaded after import = 2
========================================================================
Received Import Request.
  Time since last request: 0.000544 seconds.
  path: Assets/Models/kenney_nature-kit/Isometric/rock_tallB_SW.png
  artifactKey: Guid(73c2c60646c9440408d662b59ab6d6ac) Importer(815301076,1909f56bfc062723c751e8b465ee728b)
Start importing Assets/Models/kenney_nature-kit/Isometric/rock_tallB_SW.png using Guid(73c2c60646c9440408d662b59ab6d6ac) Importer(815301076,1909f56bfc062723c751e8b465ee728b) [PhysX] Initialized MultithreadedTaskDispatcher with 32 workers.
[PhysX] Initialized MultithreadedTaskDispatcher with 32 workers.
 -> (artifact id: 'b32c884321b2bcd478c85b994dd4b457') in 0.005129 seconds
Number of updated asset objects reloaded before import = 0
Number of asset objects unloaded after import = 2
========================================================================
Received Import Request.
  Time since last request: 0.013985 seconds.
  path: Assets/Models/kenney_nature-kit/Isometric/rock_tallD_SW.png
  artifactKey: Guid(16106d1e178a6134bbdf406a9bb31f59) Importer(815301076,1909f56bfc062723c751e8b465ee728b)
Start importing Assets/Models/kenney_nature-kit/Isometric/rock_tallD_SW.png using Guid(16106d1e178a6134bbdf406a9bb31f59) Importer(815301076,1909f56bfc062723c751e8b465ee728b) [PhysX] Initialized MultithreadedTaskDispatcher with 32 workers.
[PhysX] Initialized MultithreadedTaskDispatcher with 32 workers.
 -> (artifact id: '1ef870676fb5b90f10963984a6f16899') in 0.004001 seconds
Number of updated asset objects reloaded before import = 0
Number of asset objects unloaded after import = 2
========================================================================
Received Import Request.
  Time since last request: 0.013067 seconds.
  path: Assets/Models/kenney_nature-kit/Isometric/rock_tallF_NE.png
  artifactKey: Guid(b12d4d0d24734a44eac2b55299e9b076) Importer(815301076,1909f56bfc062723c751e8b465ee728b)
Start importing Assets/Models/kenney_nature-kit/Isometric/rock_tallF_NE.png using Guid(b12d4d0d24734a44eac2b55299e9b076) Importer(815301076,1909f56bfc062723c751e8b465ee728b) [PhysX] Initialized MultithreadedTaskDispatcher with 32 workers.
[PhysX] Initialized MultithreadedTaskDispatcher with 32 workers.
 -> (artifact id: 'e9d926397941e37f2d0332213eefb70b') in 0.004132 seconds
Number of updated asset objects reloaded before import = 0
Number of asset objects unloaded after import = 2
========================================================================
Received Import Request.
  Time since last request: 0.012042 seconds.
  path: Assets/Models/kenney_nature-kit/Isometric/rock_tallG_NW.png
  artifactKey: Guid(4a340365463ee174496c87e5b6caf34f) Importer(815301076,1909f56bfc062723c751e8b465ee728b)
Start importing Assets/Models/kenney_nature-kit/Isometric/rock_tallG_NW.png using Guid(4a340365463ee174496c87e5b6caf34f) Importer(815301076,1909f56bfc062723c751e8b465ee728b) [PhysX] Initialized MultithreadedTaskDispatcher with 32 workers.
[PhysX] Initialized MultithreadedTaskDispatcher with 32 workers.
 -> (artifact id: '12df9adcbf52f489a2a66cff49af51f1') in 0.004296 seconds
Number of updated asset objects reloaded before import = 0
Number of asset objects unloaded after import = 2
========================================================================
Received Import Request.
  Time since last request: 0.011455 seconds.
  path: Assets/Models/kenney_nature-kit/Isometric/rock_tallH_SE.png
  artifactKey: Guid(019c31c8ea7c3ce4490bf4b949fa2353) Importer(815301076,1909f56bfc062723c751e8b465ee728b)
Start importing Assets/Models/kenney_nature-kit/Isometric/rock_tallH_SE.png using Guid(019c31c8ea7c3ce4490bf4b949fa2353) Importer(815301076,1909f56bfc062723c751e8b465ee728b) [PhysX] Initialized MultithreadedTaskDispatcher with 32 workers.
[PhysX] Initialized MultithreadedTaskDispatcher with 32 workers.
 -> (artifact id: '0b535a48533bcd5ec51df159486834c5') in 0.003798 seconds
Number of updated asset objects reloaded before import = 0
Number of asset objects unloaded after import = 2
========================================================================
Received Import Request.
  Time since last request: 0.011910 seconds.
  path: Assets/Models/kenney_nature-kit/Isometric/rock_tallI_SW.png
  artifactKey: Guid(4753ebed5dc5e8b4e9b66ac5d7af6fdb) Importer(815301076,1909f56bfc062723c751e8b465ee728b)
Start importing Assets/Models/kenney_nature-kit/Isometric/rock_tallI_SW.png using Guid(4753ebed5dc5e8b4e9b66ac5d7af6fdb) Importer(815301076,1909f56bfc062723c751e8b465ee728b) [PhysX] Initialized MultithreadedTaskDispatcher with 32 workers.
[PhysX] Initialized MultithreadedTaskDispatcher with 32 workers.
 -> (artifact id: '03fe5058c409792c7bd48a62e6bb4a2a') in 0.004417 seconds
Number of updated asset objects reloaded before import = 0
Number of asset objects unloaded after import = 2
========================================================================
Received Import Request.
  Time since last request: 0.376430 seconds.
  path: Assets/Models/kenney_nature-kit/Isometric/statue_block_NW.png
  artifactKey: Guid(c0315f15de55205458920c4d4c701006) Importer(815301076,1909f56bfc062723c751e8b465ee728b)
Start importing Assets/Models/kenney_nature-kit/Isometric/statue_block_NW.png using Guid(c0315f15de55205458920c4d4c701006) Importer(815301076,1909f56bfc062723c751e8b465ee728b) [PhysX] Initialized MultithreadedTaskDispatcher with 32 workers.
[PhysX] Initialized MultithreadedTaskDispatcher with 32 workers.
 -> (artifact id: '18006b48b94abf789855a6bc8ede156f') in 0.005070 seconds
Number of updated asset objects reloaded before import = 0
Number of asset objects unloaded after import = 2
========================================================================
Received Import Request.
  Time since last request: 0.022690 seconds.
  path: Assets/Models/kenney_nature-kit/Isometric/statue_head_NE.png
  artifactKey: Guid(05464a7b7689a5345afe4dab860d6cde) Importer(815301076,1909f56bfc062723c751e8b465ee728b)
Start importing Assets/Models/kenney_nature-kit/Isometric/statue_head_NE.png using Guid(05464a7b7689a5345afe4dab860d6cde) Importer(815301076,1909f56bfc062723c751e8b465ee728b) [PhysX] Initialized MultithreadedTaskDispatcher with 32 workers.
[PhysX] Initialized MultithreadedTaskDispatcher with 32 workers.
 -> (artifact id: 'e7bbd82c587a457e8a12e98cc8b287e2') in 0.008724 seconds
Number of updated asset objects reloaded before import = 0
Number of asset objects unloaded after import = 2
========================================================================
Received Import Request.
  Time since last request: 0.019490 seconds.
  path: Assets/Models/kenney_nature-kit/Isometric/statue_ring_SE.png
  artifactKey: Guid(e3447ca3c57818d4ba67f496e8a3dbaa) Importer(815301076,1909f56bfc062723c751e8b465ee728b)
Start importing Assets/Models/kenney_nature-kit/Isometric/statue_ring_SE.png using Guid(e3447ca3c57818d4ba67f496e8a3dbaa) Importer(815301076,1909f56bfc062723c751e8b465ee728b) [PhysX] Initialized MultithreadedTaskDispatcher with 32 workers.
[PhysX] Initialized MultithreadedTaskDispatcher with 32 workers.
 -> (artifact id: '71201c91e76167e1567d6a2643c215ef') in 0.004759 seconds
Number of updated asset objects reloaded before import = 0
Number of asset objects unloaded after import = 2
========================================================================
Received Import Request.
  Time since last request: 0.168864 seconds.
  path: Assets/Models/kenney_nature-kit/Isometric/stone_largeE_SE.png
  artifactKey: Guid(dcb0cb3bf30da4740b2a30941a61e2ae) Importer(815301076,1909f56bfc062723c751e8b465ee728b)
Start importing Assets/Models/kenney_nature-kit/Isometric/stone_largeE_SE.png using Guid(dcb0cb3bf30da4740b2a30941a61e2ae) Importer(815301076,1909f56bfc062723c751e8b465ee728b) [PhysX] Initialized MultithreadedTaskDispatcher with 32 workers.
[PhysX] Initialized MultithreadedTaskDispatcher with 32 workers.
 -> (artifact id: '36c0b5babf30161bfef6f2d168d6f4ab') in 0.009098 seconds
Number of updated asset objects reloaded before import = 0
Number of asset objects unloaded after import = 2
========================================================================
Received Import Request.
  Time since last request: 0.032684 seconds.
  path: Assets/Models/kenney_nature-kit/Isometric/stone_smallB_NE.png
  artifactKey: Guid(3e0cb87a3561a4e47896ef8f3afbcafe) Importer(815301076,1909f56bfc062723c751e8b465ee728b)
Start importing Assets/Models/kenney_nature-kit/Isometric/stone_smallB_NE.png using Guid(3e0cb87a3561a4e47896ef8f3afbcafe) Importer(815301076,1909f56bfc062723c751e8b465ee728b) [PhysX] Initialized MultithreadedTaskDispatcher with 32 workers.
[PhysX] Initialized MultithreadedTaskDispatcher with 32 workers.
 -> (artifact id: '6bb9994f098d96f389dd254c211a8115') in 0.005261 seconds
Number of updated asset objects reloaded before import = 0
Number of asset objects unloaded after import = 2
========================================================================
Received Import Request.
  Time since last request: 0.057594 seconds.
  path: Assets/Models/kenney_nature-kit/Isometric/stone_smallFlatA_NE.png
  artifactKey: Guid(49e2252af1e01f0488fc46efecee58a7) Importer(815301076,1909f56bfc062723c751e8b465ee728b)
Start importing Assets/Models/kenney_nature-kit/Isometric/stone_smallFlatA_NE.png using Guid(49e2252af1e01f0488fc46efecee58a7) Importer(815301076,1909f56bfc062723c751e8b465ee728b) [PhysX] Initialized MultithreadedTaskDispatcher with 32 workers.
[PhysX] Initialized MultithreadedTaskDispatcher with 32 workers.
 -> (artifact id: '4d539656cad49ba8b5fe3ef718fdee24') in 0.005371 seconds
Number of updated asset objects reloaded before import = 0
Number of asset objects unloaded after import = 2
========================================================================
Received Import Request.
  Time since last request: 2.172150 seconds.
  path: Assets/Models/kenney_nature-kit/Isometric/stone_smallI_NE.png
  artifactKey: Guid(4dec713cee588c84186bce97d27e2ee2) Importer(815301076,1909f56bfc062723c751e8b465ee728b)
Start importing Assets/Models/kenney_nature-kit/Isometric/stone_smallI_NE.png using Guid(4dec713cee588c84186bce97d27e2ee2) Importer(815301076,1909f56bfc062723c751e8b465ee728b) [PhysX] Initialized MultithreadedTaskDispatcher with 32 workers.
[PhysX] Initialized MultithreadedTaskDispatcher with 32 workers.
 -> (artifact id: 'bf04062a5b03c0eee4595b1818f74fa4') in 0.017064 seconds
Number of updated asset objects reloaded before import = 0
Number of asset objects unloaded after import = 2
========================================================================
Received Import Request.
  Time since last request: 0.017315 seconds.
  path: Assets/Models/kenney_nature-kit/Isometric/stone_tallE_NW.png
  artifactKey: Guid(5f54d977f1564a64193f28c069f8e5f6) Importer(815301076,1909f56bfc062723c751e8b465ee728b)
Start importing Assets/Models/kenney_nature-kit/Isometric/stone_tallE_NW.png using Guid(5f54d977f1564a64193f28c069f8e5f6) Importer(815301076,1909f56bfc062723c751e8b465ee728b) [PhysX] Initialized MultithreadedTaskDispatcher with 32 workers.
[PhysX] Initialized MultithreadedTaskDispatcher with 32 workers.
 -> (artifact id: 'df510af3b618211889c0eede27ef6597') in 0.012715 seconds
Number of updated asset objects reloaded before import = 0
Number of asset objects unloaded after import = 2
========================================================================
Received Import Request.
  Time since last request: 0.000057 seconds.
  path: Assets/Models/kenney_nature-kit/Isometric/stone_tallG_SE.png
  artifactKey: Guid(181d806ea77a20d4d9483d13d4682025) Importer(815301076,1909f56bfc062723c751e8b465ee728b)
Start importing Assets/Models/kenney_nature-kit/Isometric/stone_tallG_SE.png using Guid(181d806ea77a20d4d9483d13d4682025) Importer(815301076,1909f56bfc062723c751e8b465ee728b) [PhysX] Initialized MultithreadedTaskDispatcher with 32 workers.
[PhysX] Initialized MultithreadedTaskDispatcher with 32 workers.
 -> (artifact id: '205c30821286f6499b11aac21880ae0e') in 0.053024 seconds
Number of updated asset objects reloaded before import = 0
Number of asset objects unloaded after import = 2
========================================================================
Received Import Request.
  Time since last request: 0.000182 seconds.
  path: Assets/Models/kenney_nature-kit/Isometric/stone_tallG_NE.png
  artifactKey: Guid(a97648b157a780649b336be080a3d744) Importer(815301076,1909f56bfc062723c751e8b465ee728b)
Start importing Assets/Models/kenney_nature-kit/Isometric/stone_tallG_NE.png using Guid(a97648b157a780649b336be080a3d744) Importer(815301076,1909f56bfc062723c751e8b465ee728b) [PhysX] Initialized MultithreadedTaskDispatcher with 32 workers.
[PhysX] Initialized MultithreadedTaskDispatcher with 32 workers.
 -> (artifact id: '97abea3feb8b9a488783dada346f0b98') in 0.051370 seconds
Number of updated asset objects reloaded before import = 0
Number of asset objects unloaded after import = 2
========================================================================
Received Import Request.
  Time since last request: 0.000053 seconds.
  path: Assets/Models/kenney_nature-kit/Isometric/tree_blocks_dark_SW.png
  artifactKey: Guid(c69c6cfcb41b1ef44a55d37712ff012b) Importer(815301076,1909f56bfc062723c751e8b465ee728b)
Start importing Assets/Models/kenney_nature-kit/Isometric/tree_blocks_dark_SW.png using Guid(c69c6cfcb41b1ef44a55d37712ff012b) Importer(815301076,1909f56bfc062723c751e8b465ee728b) [PhysX] Initialized MultithreadedTaskDispatcher with 32 workers.
[PhysX] Initialized MultithreadedTaskDispatcher with 32 workers.
 -> (artifact id: '66d4c2b4d5b0da601fd171b91322f943') in 0.019805 seconds
Number of updated asset objects reloaded before import = 0
Number of asset objects unloaded after import = 2
========================================================================
Received Import Request.
  Time since last request: 0.000022 seconds.
  path: Assets/Models/kenney_nature-kit/Isometric/tree_detailed_dark_NW.png
  artifactKey: Guid(626c032abd0fdb5449b950c05cec1274) Importer(815301076,1909f56bfc062723c751e8b465ee728b)
Start importing Assets/Models/kenney_nature-kit/Isometric/tree_detailed_dark_NW.png using Guid(626c032abd0fdb5449b950c05cec1274) Importer(815301076,1909f56bfc062723c751e8b465ee728b) [PhysX] Initialized MultithreadedTaskDispatcher with 32 workers.
[PhysX] Initialized MultithreadedTaskDispatcher with 32 workers.
 -> (artifact id: '13849b8f785216df362b2bc2832d3da7') in 0.031409 seconds
Number of updated asset objects reloaded before import = 0
Number of asset objects unloaded after import = 2
========================================================================
Received Import Request.
  Time since last request: 0.000013 seconds.
  path: Assets/Models/kenney_nature-kit/Isometric/tent_smallClosed_NE.png
  artifactKey: Guid(d775e115fe3c3f8498157d8825b2302e) Importer(815301076,1909f56bfc062723c751e8b465ee728b)
Start importing Assets/Models/kenney_nature-kit/Isometric/tent_smallClosed_NE.png using Guid(d775e115fe3c3f8498157d8825b2302e) Importer(815301076,1909f56bfc062723c751e8b465ee728b) [PhysX] Initialized MultithreadedTaskDispatcher with 32 workers.
[PhysX] Initialized MultithreadedTaskDispatcher with 32 workers.
 -> (artifact id: '09189a0e7730c2d63fc53325ba3d5118') in 0.014215 seconds
Number of updated asset objects reloaded before import = 0
Number of asset objects unloaded after import = 2
========================================================================
Received Import Request.
  Time since last request: 0.000015 seconds.
  path: Assets/Models/kenney_nature-kit/Isometric/tree_default_fall_NE.png
  artifactKey: Guid(0f88a552da8bbda40940476c7267f98a) Importer(815301076,1909f56bfc062723c751e8b465ee728b)
Start importing Assets/Models/kenney_nature-kit/Isometric/tree_default_fall_NE.png using Guid(0f88a552da8bbda40940476c7267f98a) Importer(815301076,1909f56bfc062723c751e8b465ee728b) [PhysX] Initialized MultithreadedTaskDispatcher with 32 workers.
[PhysX] Initialized MultithreadedTaskDispatcher with 32 workers.
 -> (artifact id: 'ed2617cb94a5d38073c1a56582c82a2f') in 0.005030 seconds
Number of updated asset objects reloaded before import = 0
Number of asset objects unloaded after import = 2
========================================================================
Received Import Request.
  Time since last request: 0.000017 seconds.
  path: Assets/Models/kenney_nature-kit/Isometric/tree_detailed_dark_NE.png
  artifactKey: Guid(180f02a75db8eb145b952a6ac3aaefe9) Importer(815301076,1909f56bfc062723c751e8b465ee728b)
Start importing Assets/Models/kenney_nature-kit/Isometric/tree_detailed_dark_NE.png using Guid(180f02a75db8eb145b952a6ac3aaefe9) Importer(815301076,1909f56bfc062723c751e8b465ee728b) [PhysX] Initialized MultithreadedTaskDispatcher with 32 workers.
[PhysX] Initialized MultithreadedTaskDispatcher with 32 workers.
 -> (artifact id: 'eaa807e45c65dbea2afd0ce97343d6a2') in 0.004406 seconds
Number of updated asset objects reloaded before import = 0
Number of asset objects unloaded after import = 2
========================================================================
Received Import Request.
  Time since last request: 0.031285 seconds.
  path: Assets/Models/kenney_nature-kit/Isometric/tree_fat_darkh_NW.png
  artifactKey: Guid(fce11cc8bbaf33a49b45af75a0252131) Importer(815301076,1909f56bfc062723c751e8b465ee728b)
Start importing Assets/Models/kenney_nature-kit/Isometric/tree_fat_darkh_NW.png using Guid(fce11cc8bbaf33a49b45af75a0252131) Importer(815301076,1909f56bfc062723c751e8b465ee728b) [PhysX] Initialized MultithreadedTaskDispatcher with 32 workers.
[PhysX] Initialized MultithreadedTaskDispatcher with 32 workers.
 -> (artifact id: 'e68dfa0811050b12c58e9d5d71f8b4f8') in 0.003880 seconds
Number of updated asset objects reloaded before import = 0
Number of asset objects unloaded after import = 2
========================================================================
Received Import Request.
  Time since last request: 0.031238 seconds.
  path: Assets/Models/kenney_nature-kit/Isometric/tree_oak_fall_NE.png
  artifactKey: Guid(a64b9e1a3c9a4da48a97c8faedec5bb4) Importer(815301076,1909f56bfc062723c751e8b465ee728b)
Start importing Assets/Models/kenney_nature-kit/Isometric/tree_oak_fall_NE.png using Guid(a64b9e1a3c9a4da48a97c8faedec5bb4) Importer(815301076,1909f56bfc062723c751e8b465ee728b) [PhysX] Initialized MultithreadedTaskDispatcher with 32 workers.
[PhysX] Initialized MultithreadedTaskDispatcher with 32 workers.
 -> (artifact id: '3a9dd52eeac8bde4cf3f2a15dbf648a5') in 0.005124 seconds
Number of updated asset objects reloaded before import = 0
Number of asset objects unloaded after import = 2
========================================================================
Received Import Request.
  Time since last request: 0.000714 seconds.
  path: Assets/Models/kenney_nature-kit/Isometric/tree_palm_NE.png
  artifactKey: Guid(84e6c2523260dc940bd027dca7ebe072) Importer(815301076,1909f56bfc062723c751e8b465ee728b)
Start importing Assets/Models/kenney_nature-kit/Isometric/tree_palm_NE.png using Guid(84e6c2523260dc940bd027dca7ebe072) Importer(815301076,1909f56bfc062723c751e8b465ee728b) [PhysX] Initialized MultithreadedTaskDispatcher with 32 workers.
[PhysX] Initialized MultithreadedTaskDispatcher with 32 workers.
 -> (artifact id: '5f5af42f1bc7fc68cc6480e5e64f1feb') in 0.003497 seconds
Number of updated asset objects reloaded before import = 0
Number of asset objects unloaded after import = 2
========================================================================
Received Import Request.
  Time since last request: 0.015451 seconds.
  path: Assets/Models/kenney_nature-kit/Isometric/tree_palmBend_SW.png
  artifactKey: Guid(5e9b0f1e60309c0479911831e45237d5) Importer(815301076,1909f56bfc062723c751e8b465ee728b)
Start importing Assets/Models/kenney_nature-kit/Isometric/tree_palmBend_SW.png using Guid(5e9b0f1e60309c0479911831e45237d5) Importer(815301076,1909f56bfc062723c751e8b465ee728b) [PhysX] Initialized MultithreadedTaskDispatcher with 32 workers.
[PhysX] Initialized MultithreadedTaskDispatcher with 32 workers.
 -> (artifact id: '150be41e9bd2667299666ee4ddcc52ab') in 0.005244 seconds
Number of updated asset objects reloaded before import = 0
Number of asset objects unloaded after import = 2
========================================================================
Received Import Request.
  Time since last request: 0.015500 seconds.
  path: Assets/Models/kenney_nature-kit/Isometric/tree_palmShort_NW.png
  artifactKey: Guid(1e3b195c62f03dc41980e78231997078) Importer(815301076,1909f56bfc062723c751e8b465ee728b)
Start importing Assets/Models/kenney_nature-kit/Isometric/tree_palmShort_NW.png using Guid(1e3b195c62f03dc41980e78231997078) Importer(815301076,1909f56bfc062723c751e8b465ee728b) [PhysX] Initialized MultithreadedTaskDispatcher with 32 workers.
[PhysX] Initialized MultithreadedTaskDispatcher with 32 workers.
 -> (artifact id: '8517c10c4af8c569cd16b661b4928bed') in 0.004711 seconds
Number of updated asset objects reloaded before import = 0
Number of asset objects unloaded after import = 2
========================================================================
Received Import Request.
  Time since last request: 0.000305 seconds.
  path: Assets/Models/kenney_nature-kit/Isometric/tree_pineDefaultA_NW.png
  artifactKey: Guid(4da733f1ae520814ebaed4b661a8539e) Importer(815301076,1909f56bfc062723c751e8b465ee728b)
Start importing Assets/Models/kenney_nature-kit/Isometric/tree_pineDefaultA_NW.png using Guid(4da733f1ae520814ebaed4b661a8539e) Importer(815301076,1909f56bfc062723c751e8b465ee728b) [PhysX] Initialized MultithreadedTaskDispatcher with 32 workers.
[PhysX] Initialized MultithreadedTaskDispatcher with 32 workers.
 -> (artifact id: '2df734fb4029f3c7843e5f853fe0cdee') in 0.003704 seconds
Number of updated asset objects reloaded before import = 0
Number of asset objects unloaded after import = 2
========================================================================
Received Import Request.
  Time since last request: 0.817029 seconds.
  path: Assets/Models/kenney_nature-kit/Isometric/tree_pineRoundF_SE.png
  artifactKey: Guid(34c9ff66443d8bf46887bf6651eea81f) Importer(815301076,1909f56bfc062723c751e8b465ee728b)
Start importing Assets/Models/kenney_nature-kit/Isometric/tree_pineRoundF_SE.png using Guid(34c9ff66443d8bf46887bf6651eea81f) Importer(815301076,1909f56bfc062723c751e8b465ee728b) [PhysX] Initialized MultithreadedTaskDispatcher with 32 workers.
[PhysX] Initialized MultithreadedTaskDispatcher with 32 workers.
 -> (artifact id: '4a863b4307521d24d45043574e6c905b') in 0.004088 seconds
Number of updated asset objects reloaded before import = 0
Number of asset objects unloaded after import = 2
========================================================================
Received Import Request.
  Time since last request: 0.001809 seconds.
  path: Assets/Models/kenney_nature-kit/Isometric/tree_pineSmallB_SE.png
  artifactKey: Guid(8fa01d8140dce7141a37aa6caad6c5e7) Importer(815301076,1909f56bfc062723c751e8b465ee728b)
Start importing Assets/Models/kenney_nature-kit/Isometric/tree_pineSmallB_SE.png using Guid(8fa01d8140dce7141a37aa6caad6c5e7) Importer(815301076,1909f56bfc062723c751e8b465ee728b) [PhysX] Initialized MultithreadedTaskDispatcher with 32 workers.
[PhysX] Initialized MultithreadedTaskDispatcher with 32 workers.
 -> (artifact id: '02898bae97d034364e8f24bb264de25a') in 0.004072 seconds
Number of updated asset objects reloaded before import = 0
Number of asset objects unloaded after import = 2
========================================================================
Received Import Request.
  Time since last request: 0.324252 seconds.
  path: Assets/Models/kenney_nature-kit/Isometric/tree_pineTallB_NE.png
  artifactKey: Guid(db9d00ef060da914d86abde68ec99a58) Importer(815301076,1909f56bfc062723c751e8b465ee728b)
Start importing Assets/Models/kenney_nature-kit/Isometric/tree_pineTallB_NE.png using Guid(db9d00ef060da914d86abde68ec99a58) Importer(815301076,1909f56bfc062723c751e8b465ee728b) [PhysX] Initialized MultithreadedTaskDispatcher with 32 workers.
[PhysX] Initialized MultithreadedTaskDispatcher with 32 workers.
 -> (artifact id: 'd6a1cf4566e155968c468856a1c0dade') in 0.004258 seconds
Number of updated asset objects reloaded before import = 0
Number of asset objects unloaded after import = 2
========================================================================
Received Import Request.
  Time since last request: 0.001399 seconds.
  path: Assets/Models/kenney_nature-kit/Isometric/tree_pineTallC_NE.png
  artifactKey: Guid(a5310e27a0c610b44b94188332a3b66b) Importer(815301076,1909f56bfc062723c751e8b465ee728b)
Start importing Assets/Models/kenney_nature-kit/Isometric/tree_pineTallC_NE.png using Guid(a5310e27a0c610b44b94188332a3b66b) Importer(815301076,1909f56bfc062723c751e8b465ee728b) [PhysX] Initialized MultithreadedTaskDispatcher with 32 workers.
[PhysX] Initialized MultithreadedTaskDispatcher with 32 workers.
 -> (artifact id: '3954c1313a5e7725b63509f8943308f7') in 0.003906 seconds
Number of updated asset objects reloaded before import = 0
Number of asset objects unloaded after import = 2
========================================================================
Received Import Request.
  Time since last request: 0.271171 seconds.
  path: Assets/Models/kenney_nature-kit/Isometric/tree_simple_fall_SW.png
  artifactKey: Guid(4d1b871502281ae4fb6467e3ad71af54) Importer(815301076,1909f56bfc062723c751e8b465ee728b)
Start importing Assets/Models/kenney_nature-kit/Isometric/tree_simple_fall_SW.png using Guid(4d1b871502281ae4fb6467e3ad71af54) Importer(815301076,1909f56bfc062723c751e8b465ee728b) [PhysX] Initialized MultithreadedTaskDispatcher with 32 workers.
[PhysX] Initialized MultithreadedTaskDispatcher with 32 workers.
 -> (artifact id: '262218fbe84dc3828de81f4b05ae71a7') in 0.003724 seconds
Number of updated asset objects reloaded before import = 0
Number of asset objects unloaded after import = 2
========================================================================
Received Import Request.
  Time since last request: 7.281944 seconds.
  path: Assets/Models/kenney_nature-kit/Models/OBJ format/bridge_side_stoneRound.obj
  artifactKey: Guid(7ef2bcbab66233b44adf8d461329efdd) Importer(815301076,1909f56bfc062723c751e8b465ee728b)
Start importing Assets/Models/kenney_nature-kit/Models/OBJ format/bridge_side_stoneRound.obj using Guid(7ef2bcbab66233b44adf8d461329efdd) Importer(815301076,1909f56bfc062723c751e8b465ee728b) [PhysX] Initialized MultithreadedTaskDispatcher with 32 workers.
[PhysX] Initialized MultithreadedTaskDispatcher with 32 workers.
[PhysX] Initialized MultithreadedTaskDispatcher with 32 workers.
[PhysX] Initialized MultithreadedTaskDispatcher with 32 workers.
[PhysX] Initialized MultithreadedTaskDispatcher with 32 workers.
[PhysX] Initialized MultithreadedTaskDispatcher with 32 workers.
 -> (artifact id: '6c71208c303cad7ca31737240b8e2802') in 0.121795 seconds
Number of updated asset objects reloaded before import = 0
Number of asset objects unloaded after import = 11
Editor requested this worker to shutdown with reason: Scaling down because of idle timeout
TcpMessagingSession - receive error: operation aborted. errorcode: 995, details: The I/O operation has been aborted because of either a thread exit or an application request.
AssetImportWorker is now disconnected from the server
Process exiting
Exiting without the bug reporter. Application will terminate with return code 0