Using pre-set license
Built from '2022.3/staging' branch; Version is '2022.3.47f1 (88c277b85d21) revision 8962679'; Using compiler version '192829333'; Build Type 'Release'
OS: 'Windows 11  (10.0.22631) 64bit Core' Language: 'en' Physical Memory: 32503 MB
BatchMode: 1, IsHumanControllingUs: 0, StartBugReporterOnCrash: 0, Is64bit: 1, IsPro: 1

COMMAND LINE ARGUMENTS:
C:\Program Files\Unity 2022.3.47f1\Editor\Unity.exe
-adb2
-batchMode
-noUpm
-name
AssetImportWorker8
-projectPath
C:/Users/default.LAPTOP-P6GOO2OC/atlas-unity/unity-assets_ui
-logFile
Logs/AssetImportWorker8.log
-srvPort
57412
Successfully changed project path to: C:/Users/default.LAPTOP-P6GOO2OC/atlas-unity/unity-assets_ui
C:/Users/default.LAPTOP-P6GOO2OC/atlas-unity/unity-assets_ui
[UnityMemory] Configuration Parameters - Can be set up in boot.config
    "memorysetup-bucket-allocator-granularity=16"
    "memorysetup-bucket-allocator-bucket-count=8"
    "memorysetup-bucket-allocator-block-size=33554432"
    "memorysetup-bucket-allocator-block-count=8"
    "memorysetup-main-allocator-block-size=16777216"
    "memorysetup-thread-allocator-block-size=16777216"
    "memorysetup-gfx-main-allocator-block-size=16777216"
    "memorysetup-gfx-thread-allocator-block-size=16777216"
    "memorysetup-cache-allocator-block-size=4194304"
    "memorysetup-typetree-allocator-block-size=2097152"
    "memorysetup-profiler-bucket-allocator-granularity=16"
    "memorysetup-profiler-bucket-allocator-bucket-count=8"
    "memorysetup-profiler-bucket-allocator-block-size=33554432"
    "memorysetup-profiler-bucket-allocator-block-count=8"
    "memorysetup-profiler-allocator-block-size=16777216"
    "memorysetup-profiler-editor-allocator-block-size=1048576"
    "memorysetup-temp-allocator-size-main=16777216"
    "memorysetup-job-temp-allocator-block-size=2097152"
    "memorysetup-job-temp-allocator-block-size-background=1048576"
    "memorysetup-job-temp-allocator-reduction-small-platforms=262144"
    "memorysetup-allocator-temp-initial-block-size-main=262144"
    "memorysetup-allocator-temp-initial-block-size-worker=262144"
    "memorysetup-temp-allocator-size-background-worker=32768"
    "memorysetup-temp-allocator-size-job-worker=262144"
    "memorysetup-temp-allocator-size-preload-manager=33554432"
    "memorysetup-temp-allocator-size-nav-mesh-worker=65536"
    "memorysetup-temp-allocator-size-audio-worker=65536"
    "memorysetup-temp-allocator-size-cloud-worker=32768"
    "memorysetup-temp-allocator-size-gi-baking-worker=262144"
    "memorysetup-temp-allocator-size-gfx=262144"
Player connection [51600]  Target information:

Player connection [51600]  * "[IP] 192.168.0.169 [Port] 0 [Flags] 2 [Guid] 3256315880 [EditorId] 3256315880 [Version] 1048832 [Id] WindowsEditor(7,Token_of_Elijah) [Debug] 1 [PackageName] WindowsEditor [ProjectName] Editor" 

Player connection [51600] Host joined multi-casting on [225.0.0.222:54997]...
Player connection [51600] Host joined alternative multi-casting on [225.0.0.222:34997]...
[PhysX] Initialized MultithreadedTaskDispatcher with 32 workers.
Refreshing native plugins compatible for Editor in 6.73 ms, found 3 plugins.
Preloading 0 native plugins for Editor in 0.00 ms.
Initialize engine version: 2022.3.47f1 (88c277b85d21)
[Subsystems] Discovering subsystems at path C:/Program Files/Unity 2022.3.47f1/Editor/Data/Resources/UnitySubsystems
[Subsystems] Discovering subsystems at path C:/Users/default.LAPTOP-P6GOO2OC/atlas-unity/unity-assets_ui/Assets
GfxDevice: creating device client; threaded=0; jobified=0
Direct3D:
    Version:  Direct3D 11.0 [level 11.1]
    Renderer: NVIDIA GeForce RTX 4080 Laptop GPU (ID=0x27e0)
    Vendor:   NVIDIA
    VRAM:     11997 MB
    Driver:   31.0.15.5222
Initialize mono
Mono path[0] = 'C:/Program Files/Unity 2022.3.47f1/Editor/Data/Managed'
Mono path[1] = 'C:/Program Files/Unity 2022.3.47f1/Editor/Data/MonoBleedingEdge/lib/mono/unityjit-win32'
Mono config path = 'C:/Program Files/Unity 2022.3.47f1/Editor/Data/MonoBleedingEdge/etc'
Using monoOptions --debugger-agent=transport=dt_socket,embedding=1,server=y,suspend=n,address=127.0.0.1:56596
Begin MonoManager ReloadAssembly
Registering precompiled unity dll's ...
Register platform support module: C:/Program Files/Unity 2022.3.47f1/Editor/Data/PlaybackEngines/WebGLSupport/UnityEditor.WebGL.Extensions.dll
Register platform support module: C:/Program Files/Unity 2022.3.47f1/Editor/Data/PlaybackEngines/WindowsStandaloneSupport/UnityEditor.WindowsStandalone.Extensions.dll
Registered in 0.006404 seconds.
- Loaded All Assemblies, in  0.254 seconds
Native extension for WindowsStandalone target not found
Native extension for WebGL target not found
Mono: successfully reloaded assembly
- Finished resetting the current domain, in  0.183 seconds
Domain Reload Profiling: 435ms
	BeginReloadAssembly (77ms)
		ExecutionOrderSort (0ms)
		DisableScriptedObjects (0ms)
		BackupInstance (0ms)
		ReleaseScriptingObjects (0ms)
		CreateAndSetChildDomain (0ms)
	RebuildCommonClasses (25ms)
	RebuildNativeTypeToScriptingClass (7ms)
	initialDomainReloadingComplete (42ms)
	LoadAllAssembliesAndSetupDomain (100ms)
		LoadAssemblies (76ms)
		RebuildTransferFunctionScriptingTraits (0ms)
		AnalyzeDomain (99ms)
			TypeCache.Refresh (97ms)
				TypeCache.ScanAssembly (87ms)
			ScanForSourceGeneratedMonoScriptInfo (0ms)
			ResolveRequiredComponents (0ms)
	FinalizeReload (184ms)
		ReleaseScriptCaches (0ms)
		RebuildScriptCaches (0ms)
		SetupLoadedEditorAssemblies (153ms)
			LogAssemblyErrors (0ms)
			InitializePlatformSupportModulesInManaged (11ms)
			SetLoadedEditorAssemblies (4ms)
			RefreshPlugins (0ms)
			BeforeProcessingInitializeOnLoad (2ms)
			ProcessInitializeOnLoadAttributes (96ms)
			ProcessInitializeOnLoadMethodAttributes (39ms)
			AfterProcessingInitializeOnLoad (0ms)
			EditorAssembliesLoaded (0ms)
		ExecutionOrderSort2 (0ms)
		AwakeInstancesAfterBackupRestoration (0ms)
========================================================================
Worker process is ready to serve import requests
Caller must complete domain reload
Begin MonoManager ReloadAssembly
- Loaded All Assemblies, in  0.404 seconds
Native extension for WindowsStandalone target not found
Native extension for WebGL target not found
Package Manager log level set to [2]
[Package Manager] Server::EnsureServerProcessIsRunning -- launch failed, reason: Unity was launched with the -noUpm command-line argument
[Package Manager] UpmClient::Send -- Unable to send message (not connected to UPM process).
[Package Manager] Cannot connect to Unity Package Manager local server
Mono: successfully reloaded assembly
- Finished resetting the current domain, in  0.360 seconds
Domain Reload Profiling: 763ms
	BeginReloadAssembly (123ms)
		ExecutionOrderSort (0ms)
		DisableScriptedObjects (4ms)
		BackupInstance (0ms)
		ReleaseScriptingObjects (0ms)
		CreateAndSetChildDomain (16ms)
	RebuildCommonClasses (19ms)
	RebuildNativeTypeToScriptingClass (6ms)
	initialDomainReloadingComplete (23ms)
	LoadAllAssembliesAndSetupDomain (233ms)
		LoadAssemblies (208ms)
		RebuildTransferFunctionScriptingTraits (0ms)
		AnalyzeDomain (104ms)
			TypeCache.Refresh (92ms)
				TypeCache.ScanAssembly (84ms)
			ScanForSourceGeneratedMonoScriptInfo (7ms)
			ResolveRequiredComponents (3ms)
	FinalizeReload (360ms)
		ReleaseScriptCaches (0ms)
		RebuildScriptCaches (0ms)
		SetupLoadedEditorAssemblies (292ms)
			LogAssemblyErrors (0ms)
			InitializePlatformSupportModulesInManaged (4ms)
			SetLoadedEditorAssemblies (2ms)
			RefreshPlugins (0ms)
			BeforeProcessingInitializeOnLoad (33ms)
			ProcessInitializeOnLoadAttributes (240ms)
			ProcessInitializeOnLoadMethodAttributes (11ms)
			AfterProcessingInitializeOnLoad (4ms)
			EditorAssembliesLoaded (0ms)
		ExecutionOrderSort2 (0ms)
		AwakeInstancesAfterBackupRestoration (5ms)
Launched and connected shader compiler UnityShaderCompiler.exe after 0.03 seconds
Refreshing native plugins compatible for Editor in 2.76 ms, found 3 plugins.
Preloading 0 native plugins for Editor in 0.00 ms.
Unloading 3145 Unused Serialized files (Serialized files now loaded: 0)
Unloading 19 unused Assets / (55.0 KB). Loaded Objects now: 3612.
Memory consumption went from 127.1 MB to 127.0 MB.
Total: 3.786800 ms (FindLiveObjects: 0.155400 ms CreateObjectMapping: 0.048600 ms MarkObjects: 3.504200 ms  DeleteObjects: 0.077700 ms)

AssetImportParameters requested are different than current active one (requested -> active):
  custom:container-demuxer-ogg: 62fdf1f143b41e24485cea50d1cbac27 -> 
  custom:video-decoder-ogg-theora: a1e56fd34408186e4bbccfd4996cb3dc -> 
  custom:framework-win-MediaFoundation: 216162199b28c13a410421893ffa2e32 -> 
  custom:CustomObjectIndexerAttribute: 9a22284fe3817be447336de3de66b15e -> 
  custom:container-demuxer-webm: 4f35f7cbe854078d1ac9338744f61a02 -> 
  custom:container-muxer-webm: aa71ff27fc2769a1b78a27578f13a17b -> 
  custom:video-decoder-webm-vp8: 9c59270c3fd7afecdb556c50c9e8de78 -> 
  custom:SearchIndexIgnoredProperties: e643bd26f0fe6173181afceb89e7c659 -> 
  custom:AudioImporter_EditorPlatform: d09bf68614088b80899f8185d706f6e7 -> 
  custom:video-encoder-webm-vp8: eb34c28f22e8b96e1ab97ce403110664 -> 
  custom:audio-decoder-ogg-vorbis: bf7c407c2cedff20999df2af8eb42d56 -> 
  custom:audio-encoder-webm-vorbis: bf7c407c2cedff20999df2af8eb42d56 -> 
========================================================================
Received Import Request.
  Time since last request: 80190.428337 seconds.
  path: Assets/Models/kenney_nature-kit/Isometric/rock_tallJ_SW.png
  artifactKey: Guid(5825810802668a840bf1fbaa48dd5b55) Importer(815301076,1909f56bfc062723c751e8b465ee728b)
Start importing Assets/Models/kenney_nature-kit/Isometric/rock_tallJ_SW.png using Guid(5825810802668a840bf1fbaa48dd5b55) Importer(815301076,1909f56bfc062723c751e8b465ee728b) [PhysX] Initialized MultithreadedTaskDispatcher with 32 workers.
[PhysX] Initialized MultithreadedTaskDispatcher with 32 workers.
 -> (artifact id: '0975bfd16e9cb29e6492045c6cb64f55') in 0.037037 seconds
Number of updated asset objects reloaded before import = 0
Number of asset objects unloaded after import = 2
========================================================================
Received Import Request.
  Time since last request: 0.005341 seconds.
  path: Assets/Models/kenney_nature-kit/Isometric/statue_columnDamaged_SE.png
  artifactKey: Guid(5f5e51530ff37524e9116d92fe5f9f0a) Importer(815301076,1909f56bfc062723c751e8b465ee728b)
Start importing Assets/Models/kenney_nature-kit/Isometric/statue_columnDamaged_SE.png using Guid(5f5e51530ff37524e9116d92fe5f9f0a) Importer(815301076,1909f56bfc062723c751e8b465ee728b) [PhysX] Initialized MultithreadedTaskDispatcher with 32 workers.
[PhysX] Initialized MultithreadedTaskDispatcher with 32 workers.
 -> (artifact id: '4081f14821429f984b7cf1f20cc88b13') in 0.006899 seconds
Number of updated asset objects reloaded before import = 0
Number of asset objects unloaded after import = 2
========================================================================
Received Import Request.
  Time since last request: 0.021228 seconds.
  path: Assets/Models/kenney_nature-kit/Isometric/statue_ring_NE.png
  artifactKey: Guid(91ac681a5895a9c41896d70c0ac88ee3) Importer(815301076,1909f56bfc062723c751e8b465ee728b)
Start importing Assets/Models/kenney_nature-kit/Isometric/statue_ring_NE.png using Guid(91ac681a5895a9c41896d70c0ac88ee3) Importer(815301076,1909f56bfc062723c751e8b465ee728b) [PhysX] Initialized MultithreadedTaskDispatcher with 32 workers.
[PhysX] Initialized MultithreadedTaskDispatcher with 32 workers.
 -> (artifact id: 'cfb525111f448a36d8830318fe488faf') in 0.016698 seconds
Number of updated asset objects reloaded before import = 0
Number of asset objects unloaded after import = 2
========================================================================
Received Import Request.
  Time since last request: 0.123226 seconds.
  path: Assets/Models/kenney_nature-kit/Isometric/stone_largeB_SE.png
  artifactKey: Guid(90731711c935d5f4081b87ad0f9d8b8f) Importer(815301076,1909f56bfc062723c751e8b465ee728b)
Start importing Assets/Models/kenney_nature-kit/Isometric/stone_largeB_SE.png using Guid(90731711c935d5f4081b87ad0f9d8b8f) Importer(815301076,1909f56bfc062723c751e8b465ee728b) [PhysX] Initialized MultithreadedTaskDispatcher with 32 workers.
[PhysX] Initialized MultithreadedTaskDispatcher with 32 workers.
 -> (artifact id: 'cb44efc843d024b949f179a23d389906') in 0.008278 seconds
Number of updated asset objects reloaded before import = 0
Number of asset objects unloaded after import = 2
========================================================================
Received Import Request.
  Time since last request: 0.005201 seconds.
  path: Assets/Models/kenney_nature-kit/Isometric/stone_largeC_SW.png
  artifactKey: Guid(49d228db3b4df1741a872e654a359435) Importer(815301076,1909f56bfc062723c751e8b465ee728b)
Start importing Assets/Models/kenney_nature-kit/Isometric/stone_largeC_SW.png using Guid(49d228db3b4df1741a872e654a359435) Importer(815301076,1909f56bfc062723c751e8b465ee728b) [PhysX] Initialized MultithreadedTaskDispatcher with 32 workers.
[PhysX] Initialized MultithreadedTaskDispatcher with 32 workers.
 -> (artifact id: 'af08652762f848dd208310bee6ac1c97') in 0.004452 seconds
Number of updated asset objects reloaded before import = 0
Number of asset objects unloaded after import = 2
========================================================================
Received Import Request.
  Time since last request: 0.013953 seconds.
  path: Assets/Models/kenney_nature-kit/Isometric/stone_largeE_NE.png
  artifactKey: Guid(88fe6caed8cc8c940b82e699256b51df) Importer(815301076,1909f56bfc062723c751e8b465ee728b)
Start importing Assets/Models/kenney_nature-kit/Isometric/stone_largeE_NE.png using Guid(88fe6caed8cc8c940b82e699256b51df) Importer(815301076,1909f56bfc062723c751e8b465ee728b) [PhysX] Initialized MultithreadedTaskDispatcher with 32 workers.
[PhysX] Initialized MultithreadedTaskDispatcher with 32 workers.
 -> (artifact id: '5db6a93969999e42836b9f011c4090a2') in 0.005199 seconds
Number of updated asset objects reloaded before import = 0
Number of asset objects unloaded after import = 2
========================================================================
Received Import Request.
  Time since last request: 0.035458 seconds.
  path: Assets/Models/kenney_nature-kit/Isometric/stone_smallA_SE.png
  artifactKey: Guid(f7b7902af06371e40815a8107ed45341) Importer(815301076,1909f56bfc062723c751e8b465ee728b)
Start importing Assets/Models/kenney_nature-kit/Isometric/stone_smallA_SE.png using Guid(f7b7902af06371e40815a8107ed45341) Importer(815301076,1909f56bfc062723c751e8b465ee728b) [PhysX] Initialized MultithreadedTaskDispatcher with 32 workers.
[PhysX] Initialized MultithreadedTaskDispatcher with 32 workers.
 -> (artifact id: '757e25266e6f0113e93093a4800378f5') in 0.006765 seconds
Number of updated asset objects reloaded before import = 0
Number of asset objects unloaded after import = 2
========================================================================
Received Import Request.
  Time since last request: 0.011338 seconds.
  path: Assets/Models/kenney_nature-kit/Isometric/stone_smallD_NE.png
  artifactKey: Guid(6f085f77046a5dd43aa67bf1167b7a82) Importer(815301076,1909f56bfc062723c751e8b465ee728b)
Start importing Assets/Models/kenney_nature-kit/Isometric/stone_smallD_NE.png using Guid(6f085f77046a5dd43aa67bf1167b7a82) Importer(815301076,1909f56bfc062723c751e8b465ee728b) [PhysX] Initialized MultithreadedTaskDispatcher with 32 workers.
[PhysX] Initialized MultithreadedTaskDispatcher with 32 workers.
 -> (artifact id: '08c4580a467ded659712b435c6404ec7') in 0.004542 seconds
Number of updated asset objects reloaded before import = 0
Number of asset objects unloaded after import = 2
========================================================================
Received Import Request.
  Time since last request: 0.012111 seconds.
  path: Assets/Models/kenney_nature-kit/Isometric/stone_smallE_NW.png
  artifactKey: Guid(cd8951d24daa60149abcf5b79dd93189) Importer(815301076,1909f56bfc062723c751e8b465ee728b)
Start importing Assets/Models/kenney_nature-kit/Isometric/stone_smallE_NW.png using Guid(cd8951d24daa60149abcf5b79dd93189) Importer(815301076,1909f56bfc062723c751e8b465ee728b) [PhysX] Initialized MultithreadedTaskDispatcher with 32 workers.
[PhysX] Initialized MultithreadedTaskDispatcher with 32 workers.
 -> (artifact id: 'f3d14fd04915f9ebe32f93e4db0db511') in 0.006937 seconds
Number of updated asset objects reloaded before import = 0
Number of asset objects unloaded after import = 2
========================================================================
Received Import Request.
  Time since last request: 0.020886 seconds.
  path: Assets/Models/kenney_nature-kit/Isometric/stone_smallF_SE.png
  artifactKey: Guid(c7af80ce5d2ba60468fd2024c9577a7c) Importer(815301076,1909f56bfc062723c751e8b465ee728b)
Start importing Assets/Models/kenney_nature-kit/Isometric/stone_smallF_SE.png using Guid(c7af80ce5d2ba60468fd2024c9577a7c) Importer(815301076,1909f56bfc062723c751e8b465ee728b) [PhysX] Initialized MultithreadedTaskDispatcher with 32 workers.
[PhysX] Initialized MultithreadedTaskDispatcher with 32 workers.
 -> (artifact id: 'f8fea7e98c1f00afb3d649862f6cf8e1') in 0.006021 seconds
Number of updated asset objects reloaded before import = 0
Number of asset objects unloaded after import = 2
========================================================================
Received Import Request.
  Time since last request: 0.007628 seconds.
  path: Assets/Models/kenney_nature-kit/Isometric/stone_smallFlatB_SE.png
  artifactKey: Guid(5f230d5667fc6084ba833ecea22a56bf) Importer(815301076,1909f56bfc062723c751e8b465ee728b)
Start importing Assets/Models/kenney_nature-kit/Isometric/stone_smallFlatB_SE.png using Guid(5f230d5667fc6084ba833ecea22a56bf) Importer(815301076,1909f56bfc062723c751e8b465ee728b) [PhysX] Initialized MultithreadedTaskDispatcher with 32 workers.
[PhysX] Initialized MultithreadedTaskDispatcher with 32 workers.
 -> (artifact id: '73c56287fb880d5de1f40520050c2d19') in 0.005367 seconds
Number of updated asset objects reloaded before import = 0
Number of asset objects unloaded after import = 2
========================================================================
Received Import Request.
  Time since last request: 2.142169 seconds.
  path: Assets/Models/kenney_nature-kit/Isometric/stone_smallG_NW.png
  artifactKey: Guid(0389efc941ed4154080d5d6538b10d5e) Importer(815301076,1909f56bfc062723c751e8b465ee728b)
Start importing Assets/Models/kenney_nature-kit/Isometric/stone_smallG_NW.png using Guid(0389efc941ed4154080d5d6538b10d5e) Importer(815301076,1909f56bfc062723c751e8b465ee728b) [PhysX] Initialized MultithreadedTaskDispatcher with 32 workers.
[PhysX] Initialized MultithreadedTaskDispatcher with 32 workers.
 -> (artifact id: '2004989f24a065655c2110f38f83d740') in 0.004753 seconds
Number of updated asset objects reloaded before import = 0
Number of asset objects unloaded after import = 2
========================================================================
Received Import Request.
  Time since last request: 0.010371 seconds.
  path: Assets/Models/kenney_nature-kit/Isometric/stone_smallH_SE.png
  artifactKey: Guid(e0f0edc116f844048a769c42d9a18500) Importer(815301076,1909f56bfc062723c751e8b465ee728b)
Start importing Assets/Models/kenney_nature-kit/Isometric/stone_smallH_SE.png using Guid(e0f0edc116f844048a769c42d9a18500) Importer(815301076,1909f56bfc062723c751e8b465ee728b) [PhysX] Initialized MultithreadedTaskDispatcher with 32 workers.
[PhysX] Initialized MultithreadedTaskDispatcher with 32 workers.
 -> (artifact id: '1da147e36d32343b00a9a25392b2769b') in 0.004773 seconds
Number of updated asset objects reloaded before import = 0
Number of asset objects unloaded after import = 2
========================================================================
Received Import Request.
  Time since last request: 0.000014 seconds.
  path: Assets/Models/kenney_nature-kit/Isometric/stone_smallTopA_NE.png
  artifactKey: Guid(579ea4358622b054fbb0110b4691f51a) Importer(815301076,1909f56bfc062723c751e8b465ee728b)
Start importing Assets/Models/kenney_nature-kit/Isometric/stone_smallTopA_NE.png using Guid(579ea4358622b054fbb0110b4691f51a) Importer(815301076,1909f56bfc062723c751e8b465ee728b) [PhysX] Initialized MultithreadedTaskDispatcher with 32 workers.
[PhysX] Initialized MultithreadedTaskDispatcher with 32 workers.
 -> (artifact id: 'a107f4ac53c6db40627c4d3fe2b26e75') in 0.025035 seconds
Number of updated asset objects reloaded before import = 0
Number of asset objects unloaded after import = 2
========================================================================
Received Import Request.
  Time since last request: 0.003459 seconds.
  path: Assets/Models/kenney_nature-kit/Isometric/stone_tallD_SW.png
  artifactKey: Guid(e913f78e93739d34e8681eded0dfed6e) Importer(815301076,1909f56bfc062723c751e8b465ee728b)
Start importing Assets/Models/kenney_nature-kit/Isometric/stone_tallD_SW.png using Guid(e913f78e93739d34e8681eded0dfed6e) Importer(815301076,1909f56bfc062723c751e8b465ee728b) [PhysX] Initialized MultithreadedTaskDispatcher with 32 workers.
[PhysX] Initialized MultithreadedTaskDispatcher with 32 workers.
 -> (artifact id: '0042bd565409125f900b94266312acfe') in 0.042086 seconds
Number of updated asset objects reloaded before import = 0
Number of asset objects unloaded after import = 2
========================================================================
Received Import Request.
  Time since last request: 0.000057 seconds.
  path: Assets/Models/kenney_nature-kit/Isometric/stone_tallH_NW.png
  artifactKey: Guid(de4e0b72c5bc023419baaf2f7814565f) Importer(815301076,1909f56bfc062723c751e8b465ee728b)
Start importing Assets/Models/kenney_nature-kit/Isometric/stone_tallH_NW.png using Guid(de4e0b72c5bc023419baaf2f7814565f) Importer(815301076,1909f56bfc062723c751e8b465ee728b) [PhysX] Initialized MultithreadedTaskDispatcher with 32 workers.
[PhysX] Initialized MultithreadedTaskDispatcher with 32 workers.
 -> (artifact id: '89162776decb7f128e0604080aa6cf67') in 0.039075 seconds
Number of updated asset objects reloaded before import = 0
Number of asset objects unloaded after import = 2
========================================================================
Received Import Request.
  Time since last request: 0.000127 seconds.
  path: Assets/Models/kenney_nature-kit/Isometric/tent_smallOpen_NW.png
  artifactKey: Guid(755609ebd7d8b4d48a2a098281e9d4ef) Importer(815301076,1909f56bfc062723c751e8b465ee728b)
Start importing Assets/Models/kenney_nature-kit/Isometric/tent_smallOpen_NW.png using Guid(755609ebd7d8b4d48a2a098281e9d4ef) Importer(815301076,1909f56bfc062723c751e8b465ee728b) [PhysX] Initialized MultithreadedTaskDispatcher with 32 workers.
[PhysX] Initialized MultithreadedTaskDispatcher with 32 workers.
 -> (artifact id: '09f53a7c6a1843f8d8b7b3ed2940d1f2') in 0.034099 seconds
Number of updated asset objects reloaded before import = 0
Number of asset objects unloaded after import = 2
========================================================================
Received Import Request.
  Time since last request: 0.000128 seconds.
  path: Assets/Models/kenney_nature-kit/Isometric/tree_blocks_fall_NE.png
  artifactKey: Guid(49502eaa55c556646b31f3302b58018d) Importer(815301076,1909f56bfc062723c751e8b465ee728b)
Start importing Assets/Models/kenney_nature-kit/Isometric/tree_blocks_fall_NE.png using Guid(49502eaa55c556646b31f3302b58018d) Importer(815301076,1909f56bfc062723c751e8b465ee728b) [PhysX] Initialized MultithreadedTaskDispatcher with 32 workers.
[PhysX] Initialized MultithreadedTaskDispatcher with 32 workers.
 -> (artifact id: 'eb887436d348f975dd90d1332ef8449d') in 0.029488 seconds
Number of updated asset objects reloaded before import = 0
Number of asset objects unloaded after import = 2
========================================================================
Received Import Request.
  Time since last request: 0.000036 seconds.
  path: Assets/Models/kenney_nature-kit/Isometric/tree_blocks_NE.png
  artifactKey: Guid(2202c72df473a4d45bb2cad3d6145b12) Importer(815301076,1909f56bfc062723c751e8b465ee728b)
Start importing Assets/Models/kenney_nature-kit/Isometric/tree_blocks_NE.png using Guid(2202c72df473a4d45bb2cad3d6145b12) Importer(815301076,1909f56bfc062723c751e8b465ee728b) [PhysX] Initialized MultithreadedTaskDispatcher with 32 workers.
[PhysX] Initialized MultithreadedTaskDispatcher with 32 workers.
 -> (artifact id: '27be213c2565e18fb5be078b7d558a2e') in 0.039172 seconds
Number of updated asset objects reloaded before import = 0
Number of asset objects unloaded after import = 2
========================================================================
Received Import Request.
  Time since last request: 0.000179 seconds.
  path: Assets/Models/kenney_nature-kit/Isometric/tree_default_NW.png
  artifactKey: Guid(132dbe10a3b1f2142a78d8f0541b0cee) Importer(815301076,1909f56bfc062723c751e8b465ee728b)
Start importing Assets/Models/kenney_nature-kit/Isometric/tree_default_NW.png using Guid(132dbe10a3b1f2142a78d8f0541b0cee) Importer(815301076,1909f56bfc062723c751e8b465ee728b) [PhysX] Initialized MultithreadedTaskDispatcher with 32 workers.
[PhysX] Initialized MultithreadedTaskDispatcher with 32 workers.
 -> (artifact id: '0b2e90a192084553d9d4358b3e46d885') in 0.005234 seconds
Number of updated asset objects reloaded before import = 0
Number of asset objects unloaded after import = 2
========================================================================
Received Import Request.
  Time since last request: 0.000060 seconds.
  path: Assets/Models/kenney_nature-kit/Isometric/tent_smallClosed_NW.png
  artifactKey: Guid(cd9fecc145049dd4c903c9526a2fb9e9) Importer(815301076,1909f56bfc062723c751e8b465ee728b)
Start importing Assets/Models/kenney_nature-kit/Isometric/tent_smallClosed_NW.png using Guid(cd9fecc145049dd4c903c9526a2fb9e9) Importer(815301076,1909f56bfc062723c751e8b465ee728b) [PhysX] Initialized MultithreadedTaskDispatcher with 32 workers.
[PhysX] Initialized MultithreadedTaskDispatcher with 32 workers.
 -> (artifact id: 'a63ab1be63390693f51b16217b154083') in 0.004594 seconds
Number of updated asset objects reloaded before import = 0
Number of asset objects unloaded after import = 2
========================================================================
Received Import Request.
  Time since last request: 0.030285 seconds.
  path: Assets/Models/kenney_nature-kit/Isometric/tree_detailed_SW.png
  artifactKey: Guid(2a725de704e16bc49a51ac94efd03534) Importer(815301076,1909f56bfc062723c751e8b465ee728b)
Start importing Assets/Models/kenney_nature-kit/Isometric/tree_detailed_SW.png using Guid(2a725de704e16bc49a51ac94efd03534) Importer(815301076,1909f56bfc062723c751e8b465ee728b) [PhysX] Initialized MultithreadedTaskDispatcher with 32 workers.
[PhysX] Initialized MultithreadedTaskDispatcher with 32 workers.
 -> (artifact id: 'fb1f208afe15cff19e95d2c8dfc2f139') in 0.004690 seconds
Number of updated asset objects reloaded before import = 0
Number of asset objects unloaded after import = 2
========================================================================
Received Import Request.
  Time since last request: 0.008335 seconds.
  path: Assets/Models/kenney_nature-kit/Isometric/tree_fat_NW.png
  artifactKey: Guid(3aebbe976352c114e9b89ec25ff75123) Importer(815301076,1909f56bfc062723c751e8b465ee728b)
Start importing Assets/Models/kenney_nature-kit/Isometric/tree_fat_NW.png using Guid(3aebbe976352c114e9b89ec25ff75123) Importer(815301076,1909f56bfc062723c751e8b465ee728b) [PhysX] Initialized MultithreadedTaskDispatcher with 32 workers.
[PhysX] Initialized MultithreadedTaskDispatcher with 32 workers.
 -> (artifact id: '9a8e7d78f7dc974fff09794e10724290') in 0.003874 seconds
Number of updated asset objects reloaded before import = 0
Number of asset objects unloaded after import = 2
========================================================================
Received Import Request.
  Time since last request: 0.017798 seconds.
  path: Assets/Models/kenney_nature-kit/Isometric/tree_oak_dark_SE.png
  artifactKey: Guid(c1805ff109a57c845a0025a659867151) Importer(815301076,1909f56bfc062723c751e8b465ee728b)
Start importing Assets/Models/kenney_nature-kit/Isometric/tree_oak_dark_SE.png using Guid(c1805ff109a57c845a0025a659867151) Importer(815301076,1909f56bfc062723c751e8b465ee728b) [PhysX] Initialized MultithreadedTaskDispatcher with 32 workers.
[PhysX] Initialized MultithreadedTaskDispatcher with 32 workers.
 -> (artifact id: '57ebc2c375125e1d7924713279b9f6d9') in 0.004006 seconds
Number of updated asset objects reloaded before import = 0
Number of asset objects unloaded after import = 2
========================================================================
Received Import Request.
  Time since last request: 0.001641 seconds.
  path: Assets/Models/kenney_nature-kit/Isometric/tree_oak_SE.png
  artifactKey: Guid(42990ffb4875628439d18cb1fb189370) Importer(815301076,1909f56bfc062723c751e8b465ee728b)
Start importing Assets/Models/kenney_nature-kit/Isometric/tree_oak_SE.png using Guid(42990ffb4875628439d18cb1fb189370) Importer(815301076,1909f56bfc062723c751e8b465ee728b) [PhysX] Initialized MultithreadedTaskDispatcher with 32 workers.
[PhysX] Initialized MultithreadedTaskDispatcher with 32 workers.
 -> (artifact id: 'af591fe88d709d8469f94bb84cf6f9a9') in 0.003842 seconds
Number of updated asset objects reloaded before import = 0
Number of asset objects unloaded after import = 2
========================================================================
Received Import Request.
  Time since last request: 0.015224 seconds.
  path: Assets/Models/kenney_nature-kit/Isometric/tree_palmBend_NW.png
  artifactKey: Guid(630721dd81458804094f1ce6fc7ac0fa) Importer(815301076,1909f56bfc062723c751e8b465ee728b)
Start importing Assets/Models/kenney_nature-kit/Isometric/tree_palmBend_NW.png using Guid(630721dd81458804094f1ce6fc7ac0fa) Importer(815301076,1909f56bfc062723c751e8b465ee728b) [PhysX] Initialized MultithreadedTaskDispatcher with 32 workers.
[PhysX] Initialized MultithreadedTaskDispatcher with 32 workers.
 -> (artifact id: '52406f9fb710e37c96f048695eeb770f') in 0.004986 seconds
Number of updated asset objects reloaded before import = 0
Number of asset objects unloaded after import = 2
========================================================================
Received Import Request.
  Time since last request: 0.015387 seconds.
  path: Assets/Models/kenney_nature-kit/Isometric/tree_palmDetailedTall_SW.png
  artifactKey: Guid(db1a4c9d914d8d943ab69f17fe9f790b) Importer(815301076,1909f56bfc062723c751e8b465ee728b)
Start importing Assets/Models/kenney_nature-kit/Isometric/tree_palmDetailedTall_SW.png using Guid(db1a4c9d914d8d943ab69f17fe9f790b) Importer(815301076,1909f56bfc062723c751e8b465ee728b) [PhysX] Initialized MultithreadedTaskDispatcher with 32 workers.
[PhysX] Initialized MultithreadedTaskDispatcher with 32 workers.
 -> (artifact id: '00873f5145d987367417d5482638cc6c') in 0.004545 seconds
Number of updated asset objects reloaded before import = 0
Number of asset objects unloaded after import = 2
========================================================================
Received Import Request.
  Time since last request: 0.000672 seconds.
  path: Assets/Models/kenney_nature-kit/Isometric/tree_palmTall_SW.png
  artifactKey: Guid(92477d3d683739f41b3c635acc2f3c43) Importer(815301076,1909f56bfc062723c751e8b465ee728b)
Start importing Assets/Models/kenney_nature-kit/Isometric/tree_palmTall_SW.png using Guid(92477d3d683739f41b3c635acc2f3c43) Importer(815301076,1909f56bfc062723c751e8b465ee728b) [PhysX] Initialized MultithreadedTaskDispatcher with 32 workers.
[PhysX] Initialized MultithreadedTaskDispatcher with 32 workers.
 -> (artifact id: 'f671e8c06bb0c4a5225628e3f2c4230e') in 0.004132 seconds
Number of updated asset objects reloaded before import = 0
Number of asset objects unloaded after import = 2
========================================================================
Received Import Request.
  Time since last request: 0.051029 seconds.
  path: Assets/Models/kenney_nature-kit/Isometric/tree_pineDefaultB_SE.png
  artifactKey: Guid(b724375ab3f709b4aa70c91f32cfec64) Importer(815301076,1909f56bfc062723c751e8b465ee728b)
Start importing Assets/Models/kenney_nature-kit/Isometric/tree_pineDefaultB_SE.png using Guid(b724375ab3f709b4aa70c91f32cfec64) Importer(815301076,1909f56bfc062723c751e8b465ee728b) [PhysX] Initialized MultithreadedTaskDispatcher with 32 workers.
[PhysX] Initialized MultithreadedTaskDispatcher with 32 workers.
 -> (artifact id: '9b3db9fd4e63b09bc7d0356b45f8ceab') in 0.004550 seconds
Number of updated asset objects reloaded before import = 0
Number of asset objects unloaded after import = 2
========================================================================
Received Import Request.
  Time since last request: 0.298725 seconds.
  path: Assets/Models/kenney_nature-kit/Isometric/tree_pineGroundA_SW.png
  artifactKey: Guid(209927302ff9a614683129ee543fce3b) Importer(815301076,1909f56bfc062723c751e8b465ee728b)
Start importing Assets/Models/kenney_nature-kit/Isometric/tree_pineGroundA_SW.png using Guid(209927302ff9a614683129ee543fce3b) Importer(815301076,1909f56bfc062723c751e8b465ee728b) [PhysX] Initialized MultithreadedTaskDispatcher with 32 workers.
[PhysX] Initialized MultithreadedTaskDispatcher with 32 workers.
 -> (artifact id: '9950e96350a5447032aa33efa139d084') in 0.004515 seconds
Number of updated asset objects reloaded before import = 0
Number of asset objects unloaded after import = 2
========================================================================
Received Import Request.
  Time since last request: 0.067597 seconds.
  path: Assets/Models/kenney_nature-kit/Isometric/tree_pineRoundA_NE.png
  artifactKey: Guid(45931fd2235ba3d4c86dad986dc23d84) Importer(815301076,1909f56bfc062723c751e8b465ee728b)
Start importing Assets/Models/kenney_nature-kit/Isometric/tree_pineRoundA_NE.png using Guid(45931fd2235ba3d4c86dad986dc23d84) Importer(815301076,1909f56bfc062723c751e8b465ee728b) [PhysX] Initialized MultithreadedTaskDispatcher with 32 workers.
[PhysX] Initialized MultithreadedTaskDispatcher with 32 workers.
 -> (artifact id: 'c3d9541a5d4d5f52c513a8722a7d4d67') in 0.005047 seconds
Number of updated asset objects reloaded before import = 0
Number of asset objects unloaded after import = 2
========================================================================
Received Import Request.
  Time since last request: 0.026484 seconds.
  path: Assets/Models/kenney_nature-kit/Isometric/tree_pineRoundB_NW.png
  artifactKey: Guid(372884104a4ee264082a58affbbfc37f) Importer(815301076,1909f56bfc062723c751e8b465ee728b)
Start importing Assets/Models/kenney_nature-kit/Isometric/tree_pineRoundB_NW.png using Guid(372884104a4ee264082a58affbbfc37f) Importer(815301076,1909f56bfc062723c751e8b465ee728b) [PhysX] Initialized MultithreadedTaskDispatcher with 32 workers.
[PhysX] Initialized MultithreadedTaskDispatcher with 32 workers.
 -> (artifact id: 'd0f12dfe045e58baa34334f5a163f90b') in 0.003825 seconds
Number of updated asset objects reloaded before import = 0
Number of asset objects unloaded after import = 2
========================================================================
Received Import Request.
  Time since last request: 0.310389 seconds.
  path: Assets/Models/kenney_nature-kit/Isometric/tree_pineRoundC_SE.png
  artifactKey: Guid(de407f9caa3e7e94f8e2eca824984037) Importer(815301076,1909f56bfc062723c751e8b465ee728b)
Start importing Assets/Models/kenney_nature-kit/Isometric/tree_pineRoundC_SE.png using Guid(de407f9caa3e7e94f8e2eca824984037) Importer(815301076,1909f56bfc062723c751e8b465ee728b) [PhysX] Initialized MultithreadedTaskDispatcher with 32 workers.
[PhysX] Initialized MultithreadedTaskDispatcher with 32 workers.
 -> (artifact id: '87f32b5d631ec951e92180fb209fbf95') in 0.005671 seconds
Number of updated asset objects reloaded before import = 0
Number of asset objects unloaded after import = 2
========================================================================
Received Import Request.
  Time since last request: 0.002721 seconds.
  path: Assets/Models/kenney_nature-kit/Isometric/tree_pineRoundD_SW.png
  artifactKey: Guid(1948e328bd74cf04893637f381a21a38) Importer(815301076,1909f56bfc062723c751e8b465ee728b)
Start importing Assets/Models/kenney_nature-kit/Isometric/tree_pineRoundD_SW.png using Guid(1948e328bd74cf04893637f381a21a38) Importer(815301076,1909f56bfc062723c751e8b465ee728b) [PhysX] Initialized MultithreadedTaskDispatcher with 32 workers.
[PhysX] Initialized MultithreadedTaskDispatcher with 32 workers.
 -> (artifact id: '900738a9c3a286f08993c3ce1d9750a2') in 0.004620 seconds
Number of updated asset objects reloaded before import = 0
Number of asset objects unloaded after import = 2
========================================================================
Received Import Request.
  Time since last request: 0.027233 seconds.
  path: Assets/Models/kenney_nature-kit/Isometric/tree_pineRoundF_NE.png
  artifactKey: Guid(70a3a2e747e47354f9d333ec478a9efd) Importer(815301076,1909f56bfc062723c751e8b465ee728b)
Start importing Assets/Models/kenney_nature-kit/Isometric/tree_pineRoundF_NE.png using Guid(70a3a2e747e47354f9d333ec478a9efd) Importer(815301076,1909f56bfc062723c751e8b465ee728b) [PhysX] Initialized MultithreadedTaskDispatcher with 32 workers.
[PhysX] Initialized MultithreadedTaskDispatcher with 32 workers.
 -> (artifact id: 'dddd9b400fb425c9bf80f39384eea4ad') in 0.004078 seconds
Number of updated asset objects reloaded before import = 0
Number of asset objects unloaded after import = 2
========================================================================
Received Import Request.
  Time since last request: 0.001262 seconds.
  path: Assets/Models/kenney_nature-kit/Isometric/tree_pineSmallA_SW.png
  artifactKey: Guid(5033e8ddacab2be44b1389cb96ea61d8) Importer(815301076,1909f56bfc062723c751e8b465ee728b)
Start importing Assets/Models/kenney_nature-kit/Isometric/tree_pineSmallA_SW.png using Guid(5033e8ddacab2be44b1389cb96ea61d8) Importer(815301076,1909f56bfc062723c751e8b465ee728b) [PhysX] Initialized MultithreadedTaskDispatcher with 32 workers.
[PhysX] Initialized MultithreadedTaskDispatcher with 32 workers.
 -> (artifact id: '9ad7bd99f71f4c6d830c995f39c25fb8') in 0.003871 seconds
Number of updated asset objects reloaded before import = 0
Number of asset objects unloaded after import = 2
========================================================================
Received Import Request.
  Time since last request: 0.013753 seconds.
  path: Assets/Models/kenney_nature-kit/Isometric/tree_pineSmallC_SW.png
  artifactKey: Guid(bf5bd38a16b92584fb269d44e0cbc394) Importer(815301076,1909f56bfc062723c751e8b465ee728b)
Start importing Assets/Models/kenney_nature-kit/Isometric/tree_pineSmallC_SW.png using Guid(bf5bd38a16b92584fb269d44e0cbc394) Importer(815301076,1909f56bfc062723c751e8b465ee728b) [PhysX] Initialized MultithreadedTaskDispatcher with 32 workers.
[PhysX] Initialized MultithreadedTaskDispatcher with 32 workers.
 -> (artifact id: 'dfeadb19524209b53c2fa34ffc74df8d') in 0.003794 seconds
Number of updated asset objects reloaded before import = 0
Number of asset objects unloaded after import = 2
========================================================================
Received Import Request.
  Time since last request: 0.264815 seconds.
  path: Assets/Models/kenney_nature-kit/Isometric/tree_pineTallA_detailed_NE.png
  artifactKey: Guid(df2828145c4dcc047b03fd0bce755725) Importer(815301076,1909f56bfc062723c751e8b465ee728b)
Start importing Assets/Models/kenney_nature-kit/Isometric/tree_pineTallA_detailed_NE.png using Guid(df2828145c4dcc047b03fd0bce755725) Importer(815301076,1909f56bfc062723c751e8b465ee728b) [PhysX] Initialized MultithreadedTaskDispatcher with 32 workers.
[PhysX] Initialized MultithreadedTaskDispatcher with 32 workers.
 -> (artifact id: '7651fb87d570732e0fb7ab69483ba222') in 0.004420 seconds
Number of updated asset objects reloaded before import = 0
Number of asset objects unloaded after import = 2
========================================================================
Received Import Request.
  Time since last request: 0.004671 seconds.
  path: Assets/Models/kenney_nature-kit/Isometric/tree_pineTallA_NW.png
  artifactKey: Guid(c97df1251f0fead429f1b79cf698d2f9) Importer(815301076,1909f56bfc062723c751e8b465ee728b)
Start importing Assets/Models/kenney_nature-kit/Isometric/tree_pineTallA_NW.png using Guid(c97df1251f0fead429f1b79cf698d2f9) Importer(815301076,1909f56bfc062723c751e8b465ee728b) [PhysX] Initialized MultithreadedTaskDispatcher with 32 workers.
[PhysX] Initialized MultithreadedTaskDispatcher with 32 workers.
 -> (artifact id: '32fcb7a52869b929ce47338f9e6e49a7') in 0.004669 seconds
Number of updated asset objects reloaded before import = 0
Number of asset objects unloaded after import = 2
========================================================================
Received Import Request.
  Time since last request: 0.027759 seconds.
  path: Assets/Models/kenney_nature-kit/Isometric/tree_pineTallB_detailed_SE.png
  artifactKey: Guid(84efe8174309ee64f9319a5b609509d3) Importer(815301076,1909f56bfc062723c751e8b465ee728b)
Start importing Assets/Models/kenney_nature-kit/Isometric/tree_pineTallB_detailed_SE.png using Guid(84efe8174309ee64f9319a5b609509d3) Importer(815301076,1909f56bfc062723c751e8b465ee728b) [PhysX] Initialized MultithreadedTaskDispatcher with 32 workers.
[PhysX] Initialized MultithreadedTaskDispatcher with 32 workers.
 -> (artifact id: 'b22eac219ee83aea7fd4b99cca359017') in 0.004250 seconds
Number of updated asset objects reloaded before import = 0
Number of asset objects unloaded after import = 2
========================================================================
Received Import Request.
  Time since last request: 0.001400 seconds.
  path: Assets/Models/kenney_nature-kit/Isometric/tree_pineTallC_detailed_SE.png
  artifactKey: Guid(0ed77c2e16a1cf84a984dca2b6c42ae3) Importer(815301076,1909f56bfc062723c751e8b465ee728b)
Start importing Assets/Models/kenney_nature-kit/Isometric/tree_pineTallC_detailed_SE.png using Guid(0ed77c2e16a1cf84a984dca2b6c42ae3) Importer(815301076,1909f56bfc062723c751e8b465ee728b) [PhysX] Initialized MultithreadedTaskDispatcher with 32 workers.
[PhysX] Initialized MultithreadedTaskDispatcher with 32 workers.
 -> (artifact id: '62b571a8bb1eec562e71fb1a46052ab8') in 0.004330 seconds
Number of updated asset objects reloaded before import = 0
Number of asset objects unloaded after import = 2
========================================================================
Received Import Request.
  Time since last request: 0.012663 seconds.
  path: Assets/Models/kenney_nature-kit/Isometric/tree_pineTallD_detailed_NW.png
  artifactKey: Guid(0959fc5e4c32b4848a15597f258ad051) Importer(815301076,1909f56bfc062723c751e8b465ee728b)
Start importing Assets/Models/kenney_nature-kit/Isometric/tree_pineTallD_detailed_NW.png using Guid(0959fc5e4c32b4848a15597f258ad051) Importer(815301076,1909f56bfc062723c751e8b465ee728b) [PhysX] Initialized MultithreadedTaskDispatcher with 32 workers.
[PhysX] Initialized MultithreadedTaskDispatcher with 32 workers.
 -> (artifact id: '0fc0b9954262fcbd23bb1d52f59005af') in 0.004337 seconds
Number of updated asset objects reloaded before import = 0
Number of asset objects unloaded after import = 2
========================================================================
Received Import Request.
  Time since last request: 0.013429 seconds.
  path: Assets/Models/kenney_nature-kit/Isometric/tree_pineTallD_SE.png
  artifactKey: Guid(9e8f69e27367a5f48b5edd60364ef519) Importer(815301076,1909f56bfc062723c751e8b465ee728b)
Start importing Assets/Models/kenney_nature-kit/Isometric/tree_pineTallD_SE.png using Guid(9e8f69e27367a5f48b5edd60364ef519) Importer(815301076,1909f56bfc062723c751e8b465ee728b) [PhysX] Initialized MultithreadedTaskDispatcher with 32 workers.
[PhysX] Initialized MultithreadedTaskDispatcher with 32 workers.
 -> (artifact id: 'f057c2347f31058a56b8d52d037ecefb') in 0.004901 seconds
Number of updated asset objects reloaded before import = 0
Number of asset objects unloaded after import = 2
========================================================================
Received Import Request.
  Time since last request: 0.169963 seconds.
  path: Assets/Models/kenney_nature-kit/Isometric/tree_plateau_dark_SW.png
  artifactKey: Guid(49dfb59edc573c14fa2cd818c0fee687) Importer(815301076,1909f56bfc062723c751e8b465ee728b)
Start importing Assets/Models/kenney_nature-kit/Isometric/tree_plateau_dark_SW.png using Guid(49dfb59edc573c14fa2cd818c0fee687) Importer(815301076,1909f56bfc062723c751e8b465ee728b) [PhysX] Initialized MultithreadedTaskDispatcher with 32 workers.
[PhysX] Initialized MultithreadedTaskDispatcher with 32 workers.
 -> (artifact id: 'e417839111a33e499a9918798b2c1553') in 0.004858 seconds
Number of updated asset objects reloaded before import = 0
Number of asset objects unloaded after import = 2
========================================================================
Received Import Request.
  Time since last request: 0.021760 seconds.
  path: Assets/Models/kenney_nature-kit/Isometric/tree_plateau_NE.png
  artifactKey: Guid(7f2f7c53e8d3c094390ae3d94efacd12) Importer(815301076,1909f56bfc062723c751e8b465ee728b)
Start importing Assets/Models/kenney_nature-kit/Isometric/tree_plateau_NE.png using Guid(7f2f7c53e8d3c094390ae3d94efacd12) Importer(815301076,1909f56bfc062723c751e8b465ee728b) [PhysX] Initialized MultithreadedTaskDispatcher with 32 workers.
[PhysX] Initialized MultithreadedTaskDispatcher with 32 workers.
 -> (artifact id: '9f2af8df9957a169fa16e197aca5ce37') in 0.004440 seconds
Number of updated asset objects reloaded before import = 0
Number of asset objects unloaded after import = 2
========================================================================
Received Import Request.
  Time since last request: 0.014530 seconds.
  path: Assets/Models/kenney_nature-kit/Isometric/tree_simple_dark_NW.png
  artifactKey: Guid(e40f6a37bbf4ca24bad4224fa4d1cdfb) Importer(815301076,1909f56bfc062723c751e8b465ee728b)
Start importing Assets/Models/kenney_nature-kit/Isometric/tree_simple_dark_NW.png using Guid(e40f6a37bbf4ca24bad4224fa4d1cdfb) Importer(815301076,1909f56bfc062723c751e8b465ee728b) [PhysX] Initialized MultithreadedTaskDispatcher with 32 workers.
[PhysX] Initialized MultithreadedTaskDispatcher with 32 workers.
 -> (artifact id: '7da243e84fcb3281913022c3bac4a538') in 0.018583 seconds
Number of updated asset objects reloaded before import = 0
Number of asset objects unloaded after import = 2
========================================================================
Received Import Request.
  Time since last request: 0.000848 seconds.
  path: Assets/Models/kenney_nature-kit/Isometric/tree_simple_NE.png
  artifactKey: Guid(80e2f4bcc4f375441be926dfc6cfea3f) Importer(815301076,1909f56bfc062723c751e8b465ee728b)
Start importing Assets/Models/kenney_nature-kit/Isometric/tree_simple_NE.png using Guid(80e2f4bcc4f375441be926dfc6cfea3f) Importer(815301076,1909f56bfc062723c751e8b465ee728b) [PhysX] Initialized MultithreadedTaskDispatcher with 32 workers.
[PhysX] Initialized MultithreadedTaskDispatcher with 32 workers.
 -> (artifact id: 'ee8c286ebfd9cf528f60a8502c8fd168') in 0.003875 seconds
Number of updated asset objects reloaded before import = 0
Number of asset objects unloaded after import = 2
========================================================================
Received Import Request.
  Time since last request: 0.032770 seconds.
  path: Assets/Models/kenney_nature-kit/Isometric/tree_small_fall_NE.png
  artifactKey: Guid(e55f8a72025b20249bafcfd2131d21c6) Importer(815301076,1909f56bfc062723c751e8b465ee728b)
Start importing Assets/Models/kenney_nature-kit/Isometric/tree_small_fall_NE.png using Guid(e55f8a72025b20249bafcfd2131d21c6) Importer(815301076,1909f56bfc062723c751e8b465ee728b) [PhysX] Initialized MultithreadedTaskDispatcher with 32 workers.
[PhysX] Initialized MultithreadedTaskDispatcher with 32 workers.
 -> (artifact id: '8057fa852d2a2ca16d9a3736b10517b7') in 0.004452 seconds
Number of updated asset objects reloaded before import = 0
Number of asset objects unloaded after import = 2
========================================================================
Received Import Request.
  Time since last request: 0.011017 seconds.
  path: Assets/Models/kenney_nature-kit/Isometric/tree_small_NW.png
  artifactKey: Guid(5ae59cfc7a3cb26439b210a49789ed91) Importer(815301076,1909f56bfc062723c751e8b465ee728b)
Start importing Assets/Models/kenney_nature-kit/Isometric/tree_small_NW.png using Guid(5ae59cfc7a3cb26439b210a49789ed91) Importer(815301076,1909f56bfc062723c751e8b465ee728b) [PhysX] Initialized MultithreadedTaskDispatcher with 32 workers.
[PhysX] Initialized MultithreadedTaskDispatcher with 32 workers.
 -> (artifact id: '23b2bbb3123f5e40cb1e2e83bd8ba654') in 0.003799 seconds
Number of updated asset objects reloaded before import = 0
Number of asset objects unloaded after import = 2
========================================================================
Received Import Request.
  Time since last request: 0.020599 seconds.
  path: Assets/Models/kenney_nature-kit/Isometric/tree_tall_dark_SE.png
  artifactKey: Guid(4c82624cbdf277a4f9ff8df5a5484fe6) Importer(815301076,1909f56bfc062723c751e8b465ee728b)
Start importing Assets/Models/kenney_nature-kit/Isometric/tree_tall_dark_SE.png using Guid(4c82624cbdf277a4f9ff8df5a5484fe6) Importer(815301076,1909f56bfc062723c751e8b465ee728b) [PhysX] Initialized MultithreadedTaskDispatcher with 32 workers.
[PhysX] Initialized MultithreadedTaskDispatcher with 32 workers.
 -> (artifact id: '79d5c92e3f43d0d83e2fde754b1262db') in 0.004032 seconds
Number of updated asset objects reloaded before import = 0
Number of asset objects unloaded after import = 2
========================================================================
Received Import Request.
  Time since last request: 0.028170 seconds.
  path: Assets/Models/kenney_nature-kit/Isometric/tree_tall_fall_SW.png
  artifactKey: Guid(e8406c09b5fc657499d7d6eaa5de0382) Importer(815301076,1909f56bfc062723c751e8b465ee728b)
Start importing Assets/Models/kenney_nature-kit/Isometric/tree_tall_fall_SW.png using Guid(e8406c09b5fc657499d7d6eaa5de0382) Importer(815301076,1909f56bfc062723c751e8b465ee728b) [PhysX] Initialized MultithreadedTaskDispatcher with 32 workers.
[PhysX] Initialized MultithreadedTaskDispatcher with 32 workers.
 -> (artifact id: 'dcf72bbd5c2175a77ff9d0e237f6f292') in 0.004474 seconds
Number of updated asset objects reloaded before import = 0
Number of asset objects unloaded after import = 2
========================================================================
Received Import Request.
  Time since last request: 0.007422 seconds.
  path: Assets/Models/kenney_nature-kit/Isometric/tree_thin_dark_NE.png
  artifactKey: Guid(00d3400a8a8084744a2a4b4e7a938022) Importer(815301076,1909f56bfc062723c751e8b465ee728b)
Start importing Assets/Models/kenney_nature-kit/Isometric/tree_thin_dark_NE.png using Guid(00d3400a8a8084744a2a4b4e7a938022) Importer(815301076,1909f56bfc062723c751e8b465ee728b) [PhysX] Initialized MultithreadedTaskDispatcher with 32 workers.
[PhysX] Initialized MultithreadedTaskDispatcher with 32 workers.
 -> (artifact id: '42c0737a28bc20a976b1e22842ccfc2a') in 0.003679 seconds
Number of updated asset objects reloaded before import = 0
Number of asset objects unloaded after import = 2
========================================================================
Received Import Request.
  Time since last request: 0.015197 seconds.
  path: Assets/Models/kenney_nature-kit/Isometric/tree_thin_fall_NW.png
  artifactKey: Guid(e09ee406cd9b4b648bf15a211ce65df3) Importer(815301076,1909f56bfc062723c751e8b465ee728b)
Start importing Assets/Models/kenney_nature-kit/Isometric/tree_thin_fall_NW.png using Guid(e09ee406cd9b4b648bf15a211ce65df3) Importer(815301076,1909f56bfc062723c751e8b465ee728b) [PhysX] Initialized MultithreadedTaskDispatcher with 32 workers.
[PhysX] Initialized MultithreadedTaskDispatcher with 32 workers.
 -> (artifact id: '7fe29111b812d6f04c5dd672628f2453') in 0.003725 seconds
Number of updated asset objects reloaded before import = 0
Number of asset objects unloaded after import = 2
========================================================================
Received Import Request.
  Time since last request: 0.020134 seconds.
  path: Assets/Models/kenney_nature-kit/Isometric/tree_thin_SE.png
  artifactKey: Guid(7d59dc4c8888f1241ac202c4b26c5bfa) Importer(815301076,1909f56bfc062723c751e8b465ee728b)
Start importing Assets/Models/kenney_nature-kit/Isometric/tree_thin_SE.png using Guid(7d59dc4c8888f1241ac202c4b26c5bfa) Importer(815301076,1909f56bfc062723c751e8b465ee728b) [PhysX] Initialized MultithreadedTaskDispatcher with 32 workers.
[PhysX] Initialized MultithreadedTaskDispatcher with 32 workers.
 -> (artifact id: 'c737f8841f156b738ad45626c54465be') in 0.003995 seconds
Number of updated asset objects reloaded before import = 0
Number of asset objects unloaded after import = 2
========================================================================
Received Import Request.
  Time since last request: 7.113424 seconds.
  path: Assets/Models/kenney_nature-kit/Models/OBJ format/bridge_center_stoneRound.obj
  artifactKey: Guid(cd7bca450da537548bc22c74f129588d) Importer(815301076,1909f56bfc062723c751e8b465ee728b)
Start importing Assets/Models/kenney_nature-kit/Models/OBJ format/bridge_center_stoneRound.obj using Guid(cd7bca450da537548bc22c74f129588d) Importer(815301076,1909f56bfc062723c751e8b465ee728b) [PhysX] Initialized MultithreadedTaskDispatcher with 32 workers.
[PhysX] Initialized MultithreadedTaskDispatcher with 32 workers.
[PhysX] Initialized MultithreadedTaskDispatcher with 32 workers.
[PhysX] Initialized MultithreadedTaskDispatcher with 32 workers.
[PhysX] Initialized MultithreadedTaskDispatcher with 32 workers.
[PhysX] Initialized MultithreadedTaskDispatcher with 32 workers.
 -> (artifact id: '18da70e27c807ffa53553008fc594482') in 0.122360 seconds
Number of updated asset objects reloaded before import = 0
Number of asset objects unloaded after import = 11
Editor requested this worker to shutdown with reason: Scaling down because of idle timeout
TcpMessagingSession - receive error: operation aborted. errorcode: 995, details: The I/O operation has been aborted because of either a thread exit or an application request.
AssetImportWorker is now disconnected from the server
Process exiting
Exiting without the bug reporter. Application will terminate with return code 0