Using pre-set license
Built from '2022.3/staging' branch; Version is '2022.3.47f1 (88c277b85d21) revision 8962679'; Using compiler version '192829333'; Build Type 'Release'
OS: 'Windows 11  (10.0.22631) 64bit Core' Language: 'en' Physical Memory: 32503 MB
BatchMode: 1, IsHumanControllingUs: 0, StartBugReporterOnCrash: 0, Is64bit: 1, IsPro: 1

COMMAND LINE ARGUMENTS:
C:\Program Files\Unity 2022.3.47f1\Editor\Unity.exe
-adb2
-batchMode
-noUpm
-name
AssetImportWorker7
-projectPath
C:/Users/default.LAPTOP-P6GOO2OC/atlas-unity/unity-assets_ui
-logFile
Logs/AssetImportWorker7.log
-srvPort
57412
Successfully changed project path to: C:/Users/default.LAPTOP-P6GOO2OC/atlas-unity/unity-assets_ui
C:/Users/default.LAPTOP-P6GOO2OC/atlas-unity/unity-assets_ui
[UnityMemory] Configuration Parameters - Can be set up in boot.config
    "memorysetup-bucket-allocator-granularity=16"
    "memorysetup-bucket-allocator-bucket-count=8"
    "memorysetup-bucket-allocator-block-size=33554432"
    "memorysetup-bucket-allocator-block-count=8"
    "memorysetup-main-allocator-block-size=16777216"
    "memorysetup-thread-allocator-block-size=16777216"
    "memorysetup-gfx-main-allocator-block-size=16777216"
    "memorysetup-gfx-thread-allocator-block-size=16777216"
    "memorysetup-cache-allocator-block-size=4194304"
    "memorysetup-typetree-allocator-block-size=2097152"
    "memorysetup-profiler-bucket-allocator-granularity=16"
    "memorysetup-profiler-bucket-allocator-bucket-count=8"
    "memorysetup-profiler-bucket-allocator-block-size=33554432"
    "memorysetup-profiler-bucket-allocator-block-count=8"
    "memorysetup-profiler-allocator-block-size=16777216"
    "memorysetup-profiler-editor-allocator-block-size=1048576"
    "memorysetup-temp-allocator-size-main=16777216"
    "memorysetup-job-temp-allocator-block-size=2097152"
    "memorysetup-job-temp-allocator-block-size-background=1048576"
    "memorysetup-job-temp-allocator-reduction-small-platforms=262144"
    "memorysetup-allocator-temp-initial-block-size-main=262144"
    "memorysetup-allocator-temp-initial-block-size-worker=262144"
    "memorysetup-temp-allocator-size-background-worker=32768"
    "memorysetup-temp-allocator-size-job-worker=262144"
    "memorysetup-temp-allocator-size-preload-manager=33554432"
    "memorysetup-temp-allocator-size-nav-mesh-worker=65536"
    "memorysetup-temp-allocator-size-audio-worker=65536"
    "memorysetup-temp-allocator-size-cloud-worker=32768"
    "memorysetup-temp-allocator-size-gi-baking-worker=262144"
    "memorysetup-temp-allocator-size-gfx=262144"
Player connection [31464]  Target information:

Player connection [31464]  * "[IP] 192.168.0.169 [Port] 0 [Flags] 2 [Guid] 1495474192 [EditorId] 1495474192 [Version] 1048832 [Id] WindowsEditor(7,Token_of_Elijah) [Debug] 1 [PackageName] WindowsEditor [ProjectName] Editor" 

Player connection [31464] Host joined multi-casting on [225.0.0.222:54997]...
Player connection [31464] Host joined alternative multi-casting on [225.0.0.222:34997]...
[PhysX] Initialized MultithreadedTaskDispatcher with 32 workers.
Refreshing native plugins compatible for Editor in 6.75 ms, found 3 plugins.
Preloading 0 native plugins for Editor in 0.00 ms.
Initialize engine version: 2022.3.47f1 (88c277b85d21)
[Subsystems] Discovering subsystems at path C:/Program Files/Unity 2022.3.47f1/Editor/Data/Resources/UnitySubsystems
[Subsystems] Discovering subsystems at path C:/Users/default.LAPTOP-P6GOO2OC/atlas-unity/unity-assets_ui/Assets
GfxDevice: creating device client; threaded=0; jobified=0
Direct3D:
    Version:  Direct3D 11.0 [level 11.1]
    Renderer: NVIDIA GeForce RTX 4080 Laptop GPU (ID=0x27e0)
    Vendor:   NVIDIA
    VRAM:     11997 MB
    Driver:   31.0.15.5222
Initialize mono
Mono path[0] = 'C:/Program Files/Unity 2022.3.47f1/Editor/Data/Managed'
Mono path[1] = 'C:/Program Files/Unity 2022.3.47f1/Editor/Data/MonoBleedingEdge/lib/mono/unityjit-win32'
Mono config path = 'C:/Program Files/Unity 2022.3.47f1/Editor/Data/MonoBleedingEdge/etc'
Using monoOptions --debugger-agent=transport=dt_socket,embedding=1,server=y,suspend=n,address=127.0.0.1:56224
Begin MonoManager ReloadAssembly
Registering precompiled unity dll's ...
Register platform support module: C:/Program Files/Unity 2022.3.47f1/Editor/Data/PlaybackEngines/WebGLSupport/UnityEditor.WebGL.Extensions.dll
Register platform support module: C:/Program Files/Unity 2022.3.47f1/Editor/Data/PlaybackEngines/WindowsStandaloneSupport/UnityEditor.WindowsStandalone.Extensions.dll
Registered in 0.005066 seconds.
- Loaded All Assemblies, in  0.233 seconds
Native extension for WindowsStandalone target not found
Native extension for WebGL target not found
Mono: successfully reloaded assembly
- Finished resetting the current domain, in  0.153 seconds
Domain Reload Profiling: 385ms
	BeginReloadAssembly (82ms)
		ExecutionOrderSort (0ms)
		DisableScriptedObjects (0ms)
		BackupInstance (0ms)
		ReleaseScriptingObjects (0ms)
		CreateAndSetChildDomain (0ms)
	RebuildCommonClasses (20ms)
	RebuildNativeTypeToScriptingClass (6ms)
	initialDomainReloadingComplete (37ms)
	LoadAllAssembliesAndSetupDomain (87ms)
		LoadAssemblies (81ms)
		RebuildTransferFunctionScriptingTraits (0ms)
		AnalyzeDomain (85ms)
			TypeCache.Refresh (84ms)
				TypeCache.ScanAssembly (75ms)
			ScanForSourceGeneratedMonoScriptInfo (0ms)
			ResolveRequiredComponents (0ms)
	FinalizeReload (153ms)
		ReleaseScriptCaches (0ms)
		RebuildScriptCaches (0ms)
		SetupLoadedEditorAssemblies (126ms)
			LogAssemblyErrors (0ms)
			InitializePlatformSupportModulesInManaged (6ms)
			SetLoadedEditorAssemblies (4ms)
			RefreshPlugins (0ms)
			BeforeProcessingInitializeOnLoad (1ms)
			ProcessInitializeOnLoadAttributes (85ms)
			ProcessInitializeOnLoadMethodAttributes (30ms)
			AfterProcessingInitializeOnLoad (0ms)
			EditorAssembliesLoaded (0ms)
		ExecutionOrderSort2 (0ms)
		AwakeInstancesAfterBackupRestoration (0ms)
========================================================================
Worker process is ready to serve import requests
Caller must complete domain reload
Begin MonoManager ReloadAssembly
- Loaded All Assemblies, in  0.526 seconds
Native extension for WindowsStandalone target not found
Native extension for WebGL target not found
Package Manager log level set to [2]
[Package Manager] Server::EnsureServerProcessIsRunning -- launch failed, reason: Unity was launched with the -noUpm command-line argument
[Package Manager] UpmClient::Send -- Unable to send message (not connected to UPM process).
[Package Manager] Cannot connect to Unity Package Manager local server
Mono: successfully reloaded assembly
- Finished resetting the current domain, in  0.411 seconds
Domain Reload Profiling: 935ms
	BeginReloadAssembly (116ms)
		ExecutionOrderSort (0ms)
		DisableScriptedObjects (3ms)
		BackupInstance (0ms)
		ReleaseScriptingObjects (0ms)
		CreateAndSetChildDomain (17ms)
	RebuildCommonClasses (21ms)
	RebuildNativeTypeToScriptingClass (6ms)
	initialDomainReloadingComplete (30ms)
	LoadAllAssembliesAndSetupDomain (351ms)
		LoadAssemblies (291ms)
		RebuildTransferFunctionScriptingTraits (0ms)
		AnalyzeDomain (133ms)
			TypeCache.Refresh (112ms)
				TypeCache.ScanAssembly (102ms)
			ScanForSourceGeneratedMonoScriptInfo (14ms)
			ResolveRequiredComponents (5ms)
	FinalizeReload (411ms)
		ReleaseScriptCaches (0ms)
		RebuildScriptCaches (0ms)
		SetupLoadedEditorAssemblies (318ms)
			LogAssemblyErrors (0ms)
			InitializePlatformSupportModulesInManaged (6ms)
			SetLoadedEditorAssemblies (2ms)
			RefreshPlugins (0ms)
			BeforeProcessingInitializeOnLoad (39ms)
			ProcessInitializeOnLoadAttributes (252ms)
			ProcessInitializeOnLoadMethodAttributes (13ms)
			AfterProcessingInitializeOnLoad (6ms)
			EditorAssembliesLoaded (0ms)
		ExecutionOrderSort2 (0ms)
		AwakeInstancesAfterBackupRestoration (8ms)
Launched and connected shader compiler UnityShaderCompiler.exe after 0.07 seconds
Refreshing native plugins compatible for Editor in 4.95 ms, found 3 plugins.
Preloading 0 native plugins for Editor in 0.00 ms.
Unloading 3145 Unused Serialized files (Serialized files now loaded: 0)
Unloading 19 unused Assets / (54.6 KB). Loaded Objects now: 3612.
Memory consumption went from 127.1 MB to 127.0 MB.
Total: 2.887200 ms (FindLiveObjects: 0.148900 ms CreateObjectMapping: 0.043700 ms MarkObjects: 2.586200 ms  DeleteObjects: 0.107600 ms)

AssetImportParameters requested are different than current active one (requested -> active):
  custom:container-demuxer-ogg: 62fdf1f143b41e24485cea50d1cbac27 -> 
  custom:video-decoder-ogg-theora: a1e56fd34408186e4bbccfd4996cb3dc -> 
  custom:framework-win-MediaFoundation: 216162199b28c13a410421893ffa2e32 -> 
  custom:CustomObjectIndexerAttribute: 9a22284fe3817be447336de3de66b15e -> 
  custom:container-demuxer-webm: 4f35f7cbe854078d1ac9338744f61a02 -> 
  custom:container-muxer-webm: aa71ff27fc2769a1b78a27578f13a17b -> 
  custom:video-decoder-webm-vp8: 9c59270c3fd7afecdb556c50c9e8de78 -> 
  custom:SearchIndexIgnoredProperties: e643bd26f0fe6173181afceb89e7c659 -> 
  custom:AudioImporter_EditorPlatform: d09bf68614088b80899f8185d706f6e7 -> 
  custom:video-encoder-webm-vp8: eb34c28f22e8b96e1ab97ce403110664 -> 
  custom:audio-decoder-ogg-vorbis: bf7c407c2cedff20999df2af8eb42d56 -> 
  custom:audio-encoder-webm-vorbis: bf7c407c2cedff20999df2af8eb42d56 -> 
========================================================================
Received Import Request.
  Time since last request: 80189.649190 seconds.
  path: Assets/Models/kenney_nature-kit/Isometric/rock_smallB_NW.png
  artifactKey: Guid(165fb410d0da9e248b2e63e2ad62bc93) Importer(815301076,1909f56bfc062723c751e8b465ee728b)
Start importing Assets/Models/kenney_nature-kit/Isometric/rock_smallB_NW.png using Guid(165fb410d0da9e248b2e63e2ad62bc93) Importer(815301076,1909f56bfc062723c751e8b465ee728b) [PhysX] Initialized MultithreadedTaskDispatcher with 32 workers.
[PhysX] Initialized MultithreadedTaskDispatcher with 32 workers.
 -> (artifact id: '8a22226b88aaafd64c8daad01559438e') in 0.036633 seconds
Number of updated asset objects reloaded before import = 0
Number of asset objects unloaded after import = 2
========================================================================
Received Import Request.
  Time since last request: 0.244291 seconds.
  path: Assets/Models/kenney_nature-kit/Isometric/rock_smallG_SE.png
  artifactKey: Guid(0f9d3e54ac9b0034cb62b988602b9010) Importer(815301076,1909f56bfc062723c751e8b465ee728b)
Start importing Assets/Models/kenney_nature-kit/Isometric/rock_smallG_SE.png using Guid(0f9d3e54ac9b0034cb62b988602b9010) Importer(815301076,1909f56bfc062723c751e8b465ee728b) [PhysX] Initialized MultithreadedTaskDispatcher with 32 workers.
[PhysX] Initialized MultithreadedTaskDispatcher with 32 workers.
 -> (artifact id: '461af0b5017498a9e9454a485365eeee') in 0.004951 seconds
Number of updated asset objects reloaded before import = 0
Number of asset objects unloaded after import = 2
========================================================================
Received Import Request.
  Time since last request: 0.013354 seconds.
  path: Assets/Models/kenney_nature-kit/Isometric/rock_smallTopA_NE.png
  artifactKey: Guid(8edf2a31c7c73614f8b439d87cd395ce) Importer(815301076,1909f56bfc062723c751e8b465ee728b)
Start importing Assets/Models/kenney_nature-kit/Isometric/rock_smallTopA_NE.png using Guid(8edf2a31c7c73614f8b439d87cd395ce) Importer(815301076,1909f56bfc062723c751e8b465ee728b) [PhysX] Initialized MultithreadedTaskDispatcher with 32 workers.
[PhysX] Initialized MultithreadedTaskDispatcher with 32 workers.
 -> (artifact id: 'c265cc758259b92168cea2bdb68c26a7') in 0.004779 seconds
Number of updated asset objects reloaded before import = 0
Number of asset objects unloaded after import = 2
========================================================================
Received Import Request.
  Time since last request: 0.017431 seconds.
  path: Assets/Models/kenney_nature-kit/Isometric/rock_tallA_SE.png
  artifactKey: Guid(9f3be878ce1dce64e96729c169a4a09a) Importer(815301076,1909f56bfc062723c751e8b465ee728b)
Start importing Assets/Models/kenney_nature-kit/Isometric/rock_tallA_SE.png using Guid(9f3be878ce1dce64e96729c169a4a09a) Importer(815301076,1909f56bfc062723c751e8b465ee728b) [PhysX] Initialized MultithreadedTaskDispatcher with 32 workers.
[PhysX] Initialized MultithreadedTaskDispatcher with 32 workers.
 -> (artifact id: '8203647e39c1511c06e9daea35a672e7') in 0.004495 seconds
Number of updated asset objects reloaded before import = 0
Number of asset objects unloaded after import = 2
========================================================================
Received Import Request.
  Time since last request: 0.000011 seconds.
  path: Assets/Models/kenney_nature-kit/Isometric/rock_tallC_NW.png
  artifactKey: Guid(785c552324d76604290f30658217f85e) Importer(815301076,1909f56bfc062723c751e8b465ee728b)
Start importing Assets/Models/kenney_nature-kit/Isometric/rock_tallC_NW.png using Guid(785c552324d76604290f30658217f85e) Importer(815301076,1909f56bfc062723c751e8b465ee728b) [PhysX] Initialized MultithreadedTaskDispatcher with 32 workers.
[PhysX] Initialized MultithreadedTaskDispatcher with 32 workers.
 -> (artifact id: '79a21daec31cb08e34df14c73e6fadcd') in 0.003877 seconds
Number of updated asset objects reloaded before import = 0
Number of asset objects unloaded after import = 2
========================================================================
Received Import Request.
  Time since last request: 0.463133 seconds.
  path: Assets/Models/kenney_nature-kit/Isometric/statue_block_SW.png
  artifactKey: Guid(97837084b1c8c914fb1b3354ad40218a) Importer(815301076,1909f56bfc062723c751e8b465ee728b)
Start importing Assets/Models/kenney_nature-kit/Isometric/statue_block_SW.png using Guid(97837084b1c8c914fb1b3354ad40218a) Importer(815301076,1909f56bfc062723c751e8b465ee728b) [PhysX] Initialized MultithreadedTaskDispatcher with 32 workers.
[PhysX] Initialized MultithreadedTaskDispatcher with 32 workers.
 -> (artifact id: 'd3ccee13952779d99f4c2d8da7680141') in 0.009557 seconds
Number of updated asset objects reloaded before import = 0
Number of asset objects unloaded after import = 2
========================================================================
Received Import Request.
  Time since last request: 0.018680 seconds.
  path: Assets/Models/kenney_nature-kit/Isometric/statue_head_SE.png
  artifactKey: Guid(f5dfa682df01c8147ad99005ef230746) Importer(815301076,1909f56bfc062723c751e8b465ee728b)
Start importing Assets/Models/kenney_nature-kit/Isometric/statue_head_SE.png using Guid(f5dfa682df01c8147ad99005ef230746) Importer(815301076,1909f56bfc062723c751e8b465ee728b) [PhysX] Initialized MultithreadedTaskDispatcher with 32 workers.
[PhysX] Initialized MultithreadedTaskDispatcher with 32 workers.
 -> (artifact id: '799e68b06e5417e225612cb9c58450f5') in 0.010659 seconds
Number of updated asset objects reloaded before import = 0
Number of asset objects unloaded after import = 2
========================================================================
Received Import Request.
  Time since last request: 0.017492 seconds.
  path: Assets/Models/kenney_nature-kit/Isometric/stone_largeA_NE.png
  artifactKey: Guid(d8f08ee72b2428a46a4f3bc7b55d4de0) Importer(815301076,1909f56bfc062723c751e8b465ee728b)
Start importing Assets/Models/kenney_nature-kit/Isometric/stone_largeA_NE.png using Guid(d8f08ee72b2428a46a4f3bc7b55d4de0) Importer(815301076,1909f56bfc062723c751e8b465ee728b) [PhysX] Initialized MultithreadedTaskDispatcher with 32 workers.
[PhysX] Initialized MultithreadedTaskDispatcher with 32 workers.
 -> (artifact id: 'c3e76ecf9dff57be3a2f9c96650a3a9b') in 0.011810 seconds
Number of updated asset objects reloaded before import = 0
Number of asset objects unloaded after import = 2
========================================================================
Received Import Request.
  Time since last request: 0.164051 seconds.
  path: Assets/Models/kenney_nature-kit/Isometric/stone_largeF_SE.png
  artifactKey: Guid(1c925c6736f209747adf27a5ea73c3a8) Importer(815301076,1909f56bfc062723c751e8b465ee728b)
Start importing Assets/Models/kenney_nature-kit/Isometric/stone_largeF_SE.png using Guid(1c925c6736f209747adf27a5ea73c3a8) Importer(815301076,1909f56bfc062723c751e8b465ee728b) [PhysX] Initialized MultithreadedTaskDispatcher with 32 workers.
[PhysX] Initialized MultithreadedTaskDispatcher with 32 workers.
 -> (artifact id: '092baad88b9bab065d0e62331ee7e488') in 0.004992 seconds
Number of updated asset objects reloaded before import = 0
Number of asset objects unloaded after import = 2
========================================================================
Received Import Request.
  Time since last request: 0.034536 seconds.
  path: Assets/Models/kenney_nature-kit/Isometric/stone_smallB_SE.png
  artifactKey: Guid(918b6981537f2424fa90c499f2316d3c) Importer(815301076,1909f56bfc062723c751e8b465ee728b)
Start importing Assets/Models/kenney_nature-kit/Isometric/stone_smallB_SE.png using Guid(918b6981537f2424fa90c499f2316d3c) Importer(815301076,1909f56bfc062723c751e8b465ee728b) [PhysX] Initialized MultithreadedTaskDispatcher with 32 workers.
[PhysX] Initialized MultithreadedTaskDispatcher with 32 workers.
 -> (artifact id: '692c1286f247e046779e4e9157e207e0') in 0.009654 seconds
Number of updated asset objects reloaded before import = 0
Number of asset objects unloaded after import = 2
========================================================================
Received Import Request.
  Time since last request: 0.053114 seconds.
  path: Assets/Models/kenney_nature-kit/Isometric/stone_smallFlatA_SE.png
  artifactKey: Guid(f0d58651fa1057e47af4179441aeb1fa) Importer(815301076,1909f56bfc062723c751e8b465ee728b)
Start importing Assets/Models/kenney_nature-kit/Isometric/stone_smallFlatA_SE.png using Guid(f0d58651fa1057e47af4179441aeb1fa) Importer(815301076,1909f56bfc062723c751e8b465ee728b) [PhysX] Initialized MultithreadedTaskDispatcher with 32 workers.
[PhysX] Initialized MultithreadedTaskDispatcher with 32 workers.
 -> (artifact id: 'c24b510a1a4f77208fdd97904bc2ae91') in 0.006804 seconds
Number of updated asset objects reloaded before import = 0
Number of asset objects unloaded after import = 2
========================================================================
Received Import Request.
  Time since last request: 2.170961 seconds.
  path: Assets/Models/kenney_nature-kit/Isometric/stone_smallI_SE.png
  artifactKey: Guid(4d37e64d5cc67b443b88b5c629d80663) Importer(815301076,1909f56bfc062723c751e8b465ee728b)
Start importing Assets/Models/kenney_nature-kit/Isometric/stone_smallI_SE.png using Guid(4d37e64d5cc67b443b88b5c629d80663) Importer(815301076,1909f56bfc062723c751e8b465ee728b) [PhysX] Initialized MultithreadedTaskDispatcher with 32 workers.
[PhysX] Initialized MultithreadedTaskDispatcher with 32 workers.
 -> (artifact id: '5a816a4955baefb15822d5d58d618c1c') in 0.026605 seconds
Number of updated asset objects reloaded before import = 0
Number of asset objects unloaded after import = 2
========================================================================
Received Import Request.
  Time since last request: 0.007919 seconds.
  path: Assets/Models/kenney_nature-kit/Isometric/stone_tallE_SW.png
  artifactKey: Guid(7f334c92993caa64bb45c83dae087c37) Importer(815301076,1909f56bfc062723c751e8b465ee728b)
Start importing Assets/Models/kenney_nature-kit/Isometric/stone_tallE_SW.png using Guid(7f334c92993caa64bb45c83dae087c37) Importer(815301076,1909f56bfc062723c751e8b465ee728b) [PhysX] Initialized MultithreadedTaskDispatcher with 32 workers.
[PhysX] Initialized MultithreadedTaskDispatcher with 32 workers.
 -> (artifact id: 'c5bad738dcc60ba6d47917871d78820a') in 0.033475 seconds
Number of updated asset objects reloaded before import = 0
Number of asset objects unloaded after import = 2
========================================================================
Received Import Request.
  Time since last request: 0.000199 seconds.
  path: Assets/Models/kenney_nature-kit/Isometric/stone_tallH_NE.png
  artifactKey: Guid(87992abd5552a104088c6328eb01923c) Importer(815301076,1909f56bfc062723c751e8b465ee728b)
Start importing Assets/Models/kenney_nature-kit/Isometric/stone_tallH_NE.png using Guid(87992abd5552a104088c6328eb01923c) Importer(815301076,1909f56bfc062723c751e8b465ee728b) [PhysX] Initialized MultithreadedTaskDispatcher with 32 workers.
[PhysX] Initialized MultithreadedTaskDispatcher with 32 workers.
 -> (artifact id: 'd4e5dc5216c86fed8d369799f3b16c74') in 0.041477 seconds
Number of updated asset objects reloaded before import = 0
Number of asset objects unloaded after import = 2
========================================================================
Received Import Request.
  Time since last request: 0.000095 seconds.
  path: Assets/Models/kenney_nature-kit/Isometric/tent_smallClosed_SE.png
  artifactKey: Guid(61c7f82d84777a44c9d9c00b97c94598) Importer(815301076,1909f56bfc062723c751e8b465ee728b)
Start importing Assets/Models/kenney_nature-kit/Isometric/tent_smallClosed_SE.png using Guid(61c7f82d84777a44c9d9c00b97c94598) Importer(815301076,1909f56bfc062723c751e8b465ee728b) [PhysX] Initialized MultithreadedTaskDispatcher with 32 workers.
[PhysX] Initialized MultithreadedTaskDispatcher with 32 workers.
 -> (artifact id: '05edec34d2d7e5bc6f87ed4eb442b516') in 0.033695 seconds
Number of updated asset objects reloaded before import = 0
Number of asset objects unloaded after import = 2
========================================================================
Received Import Request.
  Time since last request: 0.000014 seconds.
  path: Assets/Models/kenney_nature-kit/Isometric/tree_blocks_fall_SW.png
  artifactKey: Guid(82edb2418f026224ea2e125dc33a9ef8) Importer(815301076,1909f56bfc062723c751e8b465ee728b)
Start importing Assets/Models/kenney_nature-kit/Isometric/tree_blocks_fall_SW.png using Guid(82edb2418f026224ea2e125dc33a9ef8) Importer(815301076,1909f56bfc062723c751e8b465ee728b) [PhysX] Initialized MultithreadedTaskDispatcher with 32 workers.
[PhysX] Initialized MultithreadedTaskDispatcher with 32 workers.
 -> (artifact id: '048ba54f63fdb851e77603fe60a01e85') in 0.027803 seconds
Number of updated asset objects reloaded before import = 0
Number of asset objects unloaded after import = 2
========================================================================
Received Import Request.
  Time since last request: 0.000013 seconds.
  path: Assets/Models/kenney_nature-kit/Isometric/tree_default_fall_SW.png
  artifactKey: Guid(6a4e0bed452b21b4a8d9e160e0614535) Importer(815301076,1909f56bfc062723c751e8b465ee728b)
Start importing Assets/Models/kenney_nature-kit/Isometric/tree_default_fall_SW.png using Guid(6a4e0bed452b21b4a8d9e160e0614535) Importer(815301076,1909f56bfc062723c751e8b465ee728b) [PhysX] Initialized MultithreadedTaskDispatcher with 32 workers.
[PhysX] Initialized MultithreadedTaskDispatcher with 32 workers.
 -> (artifact id: '035b6c6b1c3f2d1e4b8c0c7dda83122e') in 0.031562 seconds
Number of updated asset objects reloaded before import = 0
Number of asset objects unloaded after import = 2
========================================================================
Received Import Request.
  Time since last request: 0.000081 seconds.
  path: Assets/Models/kenney_nature-kit/Isometric/tree_blocks_dark_NW.png
  artifactKey: Guid(4e5af0b5d510e3742bf5e1804ea59435) Importer(815301076,1909f56bfc062723c751e8b465ee728b)
Start importing Assets/Models/kenney_nature-kit/Isometric/tree_blocks_dark_NW.png using Guid(4e5af0b5d510e3742bf5e1804ea59435) Importer(815301076,1909f56bfc062723c751e8b465ee728b) [PhysX] Initialized MultithreadedTaskDispatcher with 32 workers.
[PhysX] Initialized MultithreadedTaskDispatcher with 32 workers.
 -> (artifact id: '78d705eedfbfca400a3e2bf29d2c749d') in 0.011888 seconds
Number of updated asset objects reloaded before import = 0
Number of asset objects unloaded after import = 2
========================================================================
Received Import Request.
  Time since last request: 0.000097 seconds.
  path: Assets/Models/kenney_nature-kit/Isometric/tree_default_dark_NW.png
  artifactKey: Guid(9d99518dd584a604091a9f43df80e9b4) Importer(815301076,1909f56bfc062723c751e8b465ee728b)
Start importing Assets/Models/kenney_nature-kit/Isometric/tree_default_dark_NW.png using Guid(9d99518dd584a604091a9f43df80e9b4) Importer(815301076,1909f56bfc062723c751e8b465ee728b) [PhysX] Initialized MultithreadedTaskDispatcher with 32 workers.
[PhysX] Initialized MultithreadedTaskDispatcher with 32 workers.
 -> (artifact id: '2e505b798a37e41a8c0bef4d7756f66d') in 0.004420 seconds
Number of updated asset objects reloaded before import = 0
Number of asset objects unloaded after import = 2
========================================================================
Received Import Request.
  Time since last request: 0.000014 seconds.
  path: Assets/Models/kenney_nature-kit/Isometric/tree_blocks_dark_NE.png
  artifactKey: Guid(e760e1417d89e9d4cb17ac4d8d3a8966) Importer(815301076,1909f56bfc062723c751e8b465ee728b)
Start importing Assets/Models/kenney_nature-kit/Isometric/tree_blocks_dark_NE.png using Guid(e760e1417d89e9d4cb17ac4d8d3a8966) Importer(815301076,1909f56bfc062723c751e8b465ee728b) [PhysX] Initialized MultithreadedTaskDispatcher with 32 workers.
[PhysX] Initialized MultithreadedTaskDispatcher with 32 workers.
 -> (artifact id: 'a65c6e73d06fccdee49bbdd58852f4e3') in 0.004389 seconds
Number of updated asset objects reloaded before import = 0
Number of asset objects unloaded after import = 2
========================================================================
Received Import Request.
  Time since last request: 0.000022 seconds.
  path: Assets/Models/kenney_nature-kit/Isometric/tree_detailed_dark_SW.png
  artifactKey: Guid(68d02f349ee13bb4d8b7a3af7b446291) Importer(815301076,1909f56bfc062723c751e8b465ee728b)
Start importing Assets/Models/kenney_nature-kit/Isometric/tree_detailed_dark_SW.png using Guid(68d02f349ee13bb4d8b7a3af7b446291) Importer(815301076,1909f56bfc062723c751e8b465ee728b) [PhysX] Initialized MultithreadedTaskDispatcher with 32 workers.
[PhysX] Initialized MultithreadedTaskDispatcher with 32 workers.
 -> (artifact id: '381f3e0598bc401965473ef922d87c01') in 0.003661 seconds
Number of updated asset objects reloaded before import = 0
Number of asset objects unloaded after import = 2
========================================================================
Received Import Request.
  Time since last request: 0.030638 seconds.
  path: Assets/Models/kenney_nature-kit/Isometric/tree_fat_darkh_SW.png
  artifactKey: Guid(83fc5341ea98e3c41b419799b02af59f) Importer(815301076,1909f56bfc062723c751e8b465ee728b)
Start importing Assets/Models/kenney_nature-kit/Isometric/tree_fat_darkh_SW.png using Guid(83fc5341ea98e3c41b419799b02af59f) Importer(815301076,1909f56bfc062723c751e8b465ee728b) [PhysX] Initialized MultithreadedTaskDispatcher with 32 workers.
[PhysX] Initialized MultithreadedTaskDispatcher with 32 workers.
 -> (artifact id: 'b2ee4f459c5aa0b657510e5db397a1db') in 0.003858 seconds
Number of updated asset objects reloaded before import = 0
Number of asset objects unloaded after import = 2
========================================================================
Received Import Request.
  Time since last request: 0.031768 seconds.
  path: Assets/Models/kenney_nature-kit/Isometric/tree_oak_fall_SE.png
  artifactKey: Guid(e7190b155ac34964e87768a9efae0d73) Importer(815301076,1909f56bfc062723c751e8b465ee728b)
Start importing Assets/Models/kenney_nature-kit/Isometric/tree_oak_fall_SE.png using Guid(e7190b155ac34964e87768a9efae0d73) Importer(815301076,1909f56bfc062723c751e8b465ee728b) [PhysX] Initialized MultithreadedTaskDispatcher with 32 workers.
[PhysX] Initialized MultithreadedTaskDispatcher with 32 workers.
 -> (artifact id: 'd5e89c9c48b2aa5c27c5dd5c54d3224c') in 0.004121 seconds
Number of updated asset objects reloaded before import = 0
Number of asset objects unloaded after import = 2
========================================================================
Received Import Request.
  Time since last request: 0.021388 seconds.
  path: Assets/Models/kenney_nature-kit/Isometric/tree_palmDetailedShort_NW.png
  artifactKey: Guid(bd4e9957dfcfef0438bc105df2995a1e) Importer(815301076,1909f56bfc062723c751e8b465ee728b)
Start importing Assets/Models/kenney_nature-kit/Isometric/tree_palmDetailedShort_NW.png using Guid(bd4e9957dfcfef0438bc105df2995a1e) Importer(815301076,1909f56bfc062723c751e8b465ee728b) [PhysX] Initialized MultithreadedTaskDispatcher with 32 workers.
[PhysX] Initialized MultithreadedTaskDispatcher with 32 workers.
 -> (artifact id: '56bef78abc7b5c7dcb7ef86071018ed8') in 0.004907 seconds
Number of updated asset objects reloaded before import = 0
Number of asset objects unloaded after import = 2
========================================================================
Received Import Request.
  Time since last request: 0.016289 seconds.
  path: Assets/Models/kenney_nature-kit/Isometric/tree_palmTall_NE.png
  artifactKey: Guid(e07b7e604c1234e40babdb7ac1e1deb4) Importer(815301076,1909f56bfc062723c751e8b465ee728b)
Start importing Assets/Models/kenney_nature-kit/Isometric/tree_palmTall_NE.png using Guid(e07b7e604c1234e40babdb7ac1e1deb4) Importer(815301076,1909f56bfc062723c751e8b465ee728b) [PhysX] Initialized MultithreadedTaskDispatcher with 32 workers.
[PhysX] Initialized MultithreadedTaskDispatcher with 32 workers.
 -> (artifact id: '45718e10ffc47df21b297f4ce73e68db') in 0.003701 seconds
Number of updated asset objects reloaded before import = 0
Number of asset objects unloaded after import = 2
========================================================================
Received Import Request.
  Time since last request: 1.157012 seconds.
  path: Assets/Models/kenney_nature-kit/Isometric/tree_pineTallB_SE.png
  artifactKey: Guid(3a23866a052c89442a28ed53c0b6509a) Importer(815301076,1909f56bfc062723c751e8b465ee728b)
Start importing Assets/Models/kenney_nature-kit/Isometric/tree_pineTallB_SE.png using Guid(3a23866a052c89442a28ed53c0b6509a) Importer(815301076,1909f56bfc062723c751e8b465ee728b) [PhysX] Initialized MultithreadedTaskDispatcher with 32 workers.
[PhysX] Initialized MultithreadedTaskDispatcher with 32 workers.
 -> (artifact id: '56dcceaab302f62084e46b434f348991') in 0.004312 seconds
Number of updated asset objects reloaded before import = 0
Number of asset objects unloaded after import = 2
Editor requested this worker to shutdown with reason: Scaling down because of idle timeout
TcpMessagingSession - receive error: operation aborted. errorcode: 995, details: The I/O operation has been aborted because of either a thread exit or an application request.
AssetImportWorker is now disconnected from the server
Process exiting
Exiting without the bug reporter. Application will terminate with return code 0